c:\HashiCorp>vagrant provision
==> ansible-server: Running provisioner: shell...
    ansible-server: Running: inline script
    ansible-server: Loaded plugins: fastestmirror
    ansible-server: Loading mirror speeds from cached hostfile
    ansible-server:  * base: mirror.navercorp.com
    ansible-server:  * extras: mirror.navercorp.com
    ansible-server:  * updates: mirror.navercorp.com
    ansible-server: Resolving Dependencies
    ansible-server: --> Running transaction check
    ansible-server: ---> Package ansible.noarch 0:2.4.2.0-2.el7 will be installed
    ansible-server: --> Processing Dependency: sshpass for package: ansible-2.4.2.0-2.el7.noarch
    ansible-server: --> Processing Dependency: python2-jmespath for package: ansible-2.4.2.0-2.el7.noarch
    ansible-server: --> Processing Dependency: python-six for package: ansible-2.4.2.0-2.el7.noarch
    ansible-server: --> Processing Dependency: python-setuptools for package: ansible-2.4.2.0-2.el7.noarch
    ansible-server: --> Processing Dependency: python-passlib for package: ansible-2.4.2.0-2.el7.noarch
    ansible-server: --> Processing Dependency: python-paramiko for package: ansible-2.4.2.0-2.el7.noarch
    ansible-server: --> Processing Dependency: python-jinja2 for package: ansible-2.4.2.0-2.el7.noarch
    ansible-server: --> Processing Dependency: python-httplib2 for package: ansible-2.4.2.0-2.el7.noarch
    ansible-server: --> Processing Dependency: python-cryptography for package: ansible-2.4.2.0-2.el7.noarch
    ansible-server: --> Processing Dependency: PyYAML for package: ansible-2.4.2.0-2.el7.noarch
    ansible-server: --> Running transaction check
    ansible-server: ---> Package PyYAML.x86_64 0:3.10-11.el7 will be installed
    ansible-server: --> Processing Dependency: libyaml-0.so.2()(64bit) for package: PyYAML-3.10-11.el7.x86_64
    ansible-server: ---> Package python-httplib2.noarch 0:0.9.2-1.el7 will be installed
    ansible-server: ---> Package python-jinja2.noarch 0:2.7.2-2.el7 will be installed
    ansible-server: --> Processing Dependency: python-babel >= 0.8 for package: python-jinja2-2.7.2-2.el7.noarch
    ansible-server: --> Processing Dependency: python-markupsafe for package: python-jinja2-2.7.2-2.el7.noarch
    ansible-server: ---> Package python-paramiko.noarch 0:2.1.1-4.el7 will be installed
    ansible-server: --> Processing Dependency: python2-pyasn1 for package: python-paramiko-2.1.1-4.el7.noarch
    ansible-server: ---> Package python-passlib.noarch 0:1.6.5-2.el7 will be installed
    ansible-server: ---> Package python-setuptools.noarch 0:0.9.8-7.el7 will be installed
    ansible-server: --> Processing Dependency: python-backports-ssl_match_hostname for package: python-setuptools-0.9.8-7.el7.noarch
    ansible-server: ---> Package python-six.noarch 0:1.9.0-2.el7 will be installed
    ansible-server: ---> Package python2-cryptography.x86_64 0:1.7.2-1.el7_4.1 will be installed
    ansible-server: --> Processing Dependency: python-idna >= 2.0 for package: python2-cryptography-1.7.2-1.el7_4.1.x86_64
    ansible-server: --> Processing Dependency: python-cffi >= 1.4.1 for package: python2-cryptography-1.7.2-1.el7_4.1.x86_64
    ansible-server: --> Processing Dependency: python-ipaddress for package: python2-cryptography-1.7.2-1.el7_4.1.x86_64
    ansible-server: --> Processing Dependency: python-enum34 for package: python2-cryptography-1.7.2-1.el7_4.1.x86_64
    ansible-server: ---> Package python2-jmespath.noarch 0:0.9.0-3.el7 will be installed
    ansible-server: ---> Package sshpass.x86_64 0:1.06-2.el7 will be installed
    ansible-server: --> Running transaction check
    ansible-server: ---> Package libyaml.x86_64 0:0.1.4-11.el7_0 will be installed
    ansible-server: ---> Package python-babel.noarch 0:0.9.6-8.el7 will be installed
    ansible-server: ---> Package python-backports-ssl_match_hostname.noarch 0:3.4.0.2-4.el7 will be installed
    ansible-server: --> Processing Dependency: python-backports for package: python-backports-ssl_match_hostname-3.4.0.2-4.el7.noarch
    ansible-server: ---> Package python-cffi.x86_64 0:1.6.0-5.el7 will be installed
    ansible-server: --> Processing Dependency: python-pycparser for package: python-cffi-1.6.0-5.el7.x86_64
    ansible-server: ---> Package python-enum34.noarch 0:1.0.4-1.el7 will be installed
    ansible-server: ---> Package python-idna.noarch 0:2.4-1.el7 will be installed
    ansible-server: ---> Package python-ipaddress.noarch 0:1.0.16-2.el7 will be installed
    ansible-server: ---> Package python-markupsafe.x86_64 0:0.11-10.el7 will be installed
    ansible-server: ---> Package python2-pyasn1.noarch 0:0.1.9-7.el7 will be installed
    ansible-server: --> Running transaction check
    ansible-server: ---> Package python-backports.x86_64 0:1.0-8.el7 will be installed
    ansible-server: ---> Package python-pycparser.noarch 0:2.14-1.el7 will be installed
    ansible-server: --> Processing Dependency: python-ply for package: python-pycparser-2.14-1.el7.noarch
    ansible-server: --> Running transaction check
    ansible-server: ---> Package python-ply.noarch 0:3.4-11.el7 will be installed
    ansible-server: --> Finished Dependency Resolution
    ansible-server:
    ansible-server: Dependencies Resolved
    ansible-server:
    ansible-server: ================================================================================
    ansible-server:  Package                              Arch    Version            Repository
    ansible-server:                                                                            Size
    ansible-server: ================================================================================
    ansible-server: Installing:
    ansible-server:  ansible                              noarch  2.4.2.0-2.el7      extras   7.6 M
    ansible-server: Installing for dependencies:
    ansible-server:  PyYAML                               x86_64  3.10-11.el7        base     153 k
    ansible-server:  libyaml                              x86_64  0.1.4-11.el7_0     base      55 k
    ansible-server:  python-babel                         noarch  0.9.6-8.el7        base     1.4 M
    ansible-server:  python-backports                     x86_64  1.0-8.el7          base     5.8 k
    ansible-server:  python-backports-ssl_match_hostname  noarch  3.4.0.2-4.el7      base      12 k
    ansible-server:  python-cffi                          x86_64  1.6.0-5.el7        base     218 k
    ansible-server:  python-enum34                        noarch  1.0.4-1.el7        base      52 k
    ansible-server:  python-httplib2                      noarch  0.9.2-1.el7        extras   115 k
    ansible-server:  python-idna                          noarch  2.4-1.el7          base      94 k
    ansible-server:  python-ipaddress                     noarch  1.0.16-2.el7       base      34 k
    ansible-server:  python-jinja2                        noarch  2.7.2-2.el7        base     515 k
    ansible-server:  python-markupsafe                    x86_64  0.11-10.el7        base      25 k
    ansible-server:  python-paramiko                      noarch  2.1.1-4.el7        extras   268 k
    ansible-server:  python-passlib                       noarch  1.6.5-2.el7        extras   488 k
    ansible-server:  python-ply                           noarch  3.4-11.el7         base     123 k
    ansible-server:  python-pycparser                     noarch  2.14-1.el7         base     104 k
    ansible-server:  python-setuptools                    noarch  0.9.8-7.el7        base     397 k
    ansible-server:  python-six                           noarch  1.9.0-2.el7        base      29 k
    ansible-server:  python2-cryptography                 x86_64  1.7.2-1.el7_4.1    updates  502 k
    ansible-server:  python2-jmespath                     noarch  0.9.0-3.el7        extras    39 k
    ansible-server:  python2-pyasn1                       noarch  0.1.9-7.el7        base     100 k
    ansible-server:  sshpass                              x86_64  1.06-2.el7         extras    21 k
    ansible-server:
    ansible-server: Transaction Summary
    ansible-server: ================================================================================
    ansible-server: Install  1 Package (+22 Dependent packages)
    ansible-server:
    ansible-server: Total download size: 12 M
    ansible-server: Installed size: 60 M
    ansible-server: Downloading packages:
    ansible-server: --------------------------------------------------------------------------------
    ansible-server: Total                                              2.0 MB/s |  12 MB  00:06
    ansible-server: Running transaction check
    ansible-server: Running transaction test
    ansible-server: Transaction test succeeded
    ansible-server: Running transaction
    ansible-server:   Installing : python2-pyasn1-0.1.9-7.el7.noarch                           1/23
    ansible-server:
    ansible-server:   Installing : python-six-1.9.0-2.el7.noarch                               2/23
    ansible-server:
    ansible-server:   Installing : python-httplib2-0.9.2-1.el7.noarch                          3/23
    ansible-server:
    ansible-server:   Installing : python-enum34-1.0.4-1.el7.noarch                            4/23
    ansible-server:
    ansible-server:   Installing : python-ipaddress-1.0.16-2.el7.noarch                        5/23
    ansible-server:
    ansible-server:   Installing : libyaml-0.1.4-11.el7_0.x86_64                               6/23
    ansible-server:
    ansible-server:   Installing : PyYAML-3.10-11.el7.x86_64                                   7/23
    ansible-server:
    ansible-server:   Installing : python-backports-1.0-8.el7.x86_64                           8/23
    ansible-server:
    ansible-server:   Installing : python-backports-ssl_match_hostname-3.4.0.2-4.el7.noarch    9/23
    ansible-server:
    ansible-server:   Installing : python-setuptools-0.9.8-7.el7.noarch                       10/23
    ansible-server:
    ansible-server:   Installing : python-babel-0.9.6-8.el7.noarch                            11/23
    ansible-server:
    ansible-server:   Installing : python-passlib-1.6.5-2.el7.noarch                          12/23
    ansible-server:
    ansible-server:   Installing : python-ply-3.4-11.el7.noarch                               13/23
    ansible-server:
    ansible-server:   Installing : python-pycparser-2.14-1.el7.noarch                         14/23
    ansible-server:
    ansible-server:   Installing : python-cffi-1.6.0-5.el7.x86_64                             15/23
    ansible-server:
    ansible-server:   Installing : python-markupsafe-0.11-10.el7.x86_64                       16/23
    ansible-server:
    ansible-server:   Installing : python-jinja2-2.7.2-2.el7.noarch                           17/23
    ansible-server:
    ansible-server:   Installing : python-idna-2.4-1.el7.noarch                               18/23
    ansible-server:
    ansible-server:   Installing : python2-cryptography-1.7.2-1.el7_4.1.x86_64                19/23
    ansible-server:
    ansible-server:   Installing : python-paramiko-2.1.1-4.el7.noarch                         20/23
    ansible-server:
    ansible-server:   Installing : python2-jmespath-0.9.0-3.el7.noarch                        21/23
    ansible-server:
    ansible-server:   Installing : sshpass-1.06-2.el7.x86_64                                  22/23
    ansible-server:
    ansible-server:   Installing : ansible-2.4.2.0-2.el7.noarch                               23/23
    ansible-server:
    ansible-server:   Verifying  : python-jinja2-2.7.2-2.el7.noarch                            1/23
    ansible-server:
    ansible-server:   Verifying  : python-backports-ssl_match_hostname-3.4.0.2-4.el7.noarch    2/23
    ansible-server:
    ansible-server:   Verifying  : sshpass-1.06-2.el7.x86_64                                   3/23
    ansible-server:
    ansible-server:   Verifying  : python-setuptools-0.9.8-7.el7.noarch                        4/23
    ansible-server:
    ansible-server:   Verifying  : python2-cryptography-1.7.2-1.el7_4.1.x86_64                 5/23
    ansible-server:
    ansible-server:   Verifying  : python2-jmespath-0.9.0-3.el7.noarch                         6/23
    ansible-server:
    ansible-server:   Verifying  : python-six-1.9.0-2.el7.noarch                               7/23
    ansible-server:
    ansible-server:   Verifying  : python-idna-2.4-1.el7.noarch                                8/23
    ansible-server:
    ansible-server:   Verifying  : python-markupsafe-0.11-10.el7.x86_64                        9/23
    ansible-server:
    ansible-server:   Verifying  : python-ply-3.4-11.el7.noarch                               10/23
    ansible-server:
    ansible-server:   Verifying  : python-passlib-1.6.5-2.el7.noarch                          11/23
    ansible-server:
    ansible-server:   Verifying  : python-babel-0.9.6-8.el7.noarch                            12/23
    ansible-server:
    ansible-server:   Verifying  : python-paramiko-2.1.1-4.el7.noarch                         13/23
    ansible-server:
    ansible-server:   Verifying  : python-backports-1.0-8.el7.x86_64                          14/23
    ansible-server:
    ansible-server:   Verifying  : python-cffi-1.6.0-5.el7.x86_64                             15/23
    ansible-server:
    ansible-server:   Verifying  : python-pycparser-2.14-1.el7.noarch                         16/23
    ansible-server:
    ansible-server:   Verifying  : libyaml-0.1.4-11.el7_0.x86_64                              17/23
    ansible-server:
    ansible-server:   Verifying  : ansible-2.4.2.0-2.el7.noarch                               18/23
    ansible-server:
    ansible-server:   Verifying  : python-ipaddress-1.0.16-2.el7.noarch                       19/23
    ansible-server:
    ansible-server:   Verifying  : python-enum34-1.0.4-1.el7.noarch                           20/23
    ansible-server:
    ansible-server:   Verifying  : python-httplib2-0.9.2-1.el7.noarch                         21/23
    ansible-server:
    ansible-server:   Verifying  : python2-pyasn1-0.1.9-7.el7.noarch                          22/23
    ansible-server:
    ansible-server:   Verifying  : PyYAML-3.10-11.el7.x86_64                                  23/23
    ansible-server:
    ansible-server:
    ansible-server: Installed:
    ansible-server:   ansible.noarch 0:2.4.2.0-2.el7
    ansible-server:
    ansible-server: Dependency Installed:
    ansible-server:   PyYAML.x86_64 0:3.10-11.el7
    ansible-server:   libyaml.x86_64 0:0.1.4-11.el7_0
    ansible-server:   python-babel.noarch 0:0.9.6-8.el7
    ansible-server:   python-backports.x86_64 0:1.0-8.el7
    ansible-server:   python-backports-ssl_match_hostname.noarch 0:3.4.0.2-4.el7
    ansible-server:   python-cffi.x86_64 0:1.6.0-5.el7
    ansible-server:   python-enum34.noarch 0:1.0.4-1.el7
    ansible-server:   python-httplib2.noarch 0:0.9.2-1.el7
    ansible-server:   python-idna.noarch 0:2.4-1.el7
    ansible-server:   python-ipaddress.noarch 0:1.0.16-2.el7
    ansible-server:   python-jinja2.noarch 0:2.7.2-2.el7
    ansible-server:   python-markupsafe.x86_64 0:0.11-10.el7
    ansible-server:   python-paramiko.noarch 0:2.1.1-4.el7
    ansible-server:   python-passlib.noarch 0:1.6.5-2.el7
    ansible-server:   python-ply.noarch 0:3.4-11.el7
    ansible-server:   python-pycparser.noarch 0:2.14-1.el7
    ansible-server:   python-setuptools.noarch 0:0.9.8-7.el7
    ansible-server:   python-six.noarch 0:1.9.0-2.el7
    ansible-server:   python2-cryptography.x86_64 0:1.7.2-1.el7_4.1
    ansible-server:   python2-jmespath.noarch 0:0.9.0-3.el7
    ansible-server:   python2-pyasn1.noarch 0:0.1.9-7.el7
    ansible-server:   sshpass.x86_64 0:1.06-2.el7
    ansible-server:
    ansible-server: Complete!

c:\HashiCorp>