c:\HashiCorp>vagrant up
Bringing machine 'ansible-server' up with 'virtualbox' provider...
==> ansible-server: Importing base box 'centos/7'...
==> ansible-server: Matching MAC address for NAT networking...
==> ansible-server: Checking if box 'centos/7' is up to date...
==> ansible-server: Setting the name of the VM: Ansible-Server(github_SysNet4Admin)
==> ansible-server: Clearing any previously set network interfaces...
==> ansible-server: Preparing network interfaces based on configuration...
    ansible-server: Adapter 1: nat
    ansible-server: Adapter 2: bridged
==> ansible-server: Forwarding ports...
    ansible-server: 22 (guest) => 60010 (host) (adapter 1)
==> ansible-server: Booting VM...
==> ansible-server: Waiting for machine to boot. This may take a few minutes...
    ansible-server: SSH address: 127.0.0.1:60010
    ansible-server: SSH username: vagrant
    ansible-server: SSH auth method: private key
    ansible-server: Warning: Connection aborted. Retrying...
    ansible-server: Warning: Connection reset. Retrying...
    ansible-server:
    ansible-server: Vagrant insecure key detected. Vagrant will automatically replace
    ansible-server: this with a newly generated keypair for better security.
    ansible-server:
    ansible-server: Inserting generated public key within guest...
    ansible-server: Removing insecure key from the guest if it's present...
    ansible-server: Key inserted! Disconnecting and reconnecting using new SSH key...
==> ansible-server: Machine booted and ready!
[ansible-server] No installation found.
Loaded plugins: fastestmirror
Determining fastest mirrors
 * base: mirror.kakao.com
 * extras: mirror.kakao.com
 * updates: mirror.kakao.com
Package binutils-2.25.1-32.base.el7_4.2.x86_64 already installed and latest version
Package 1:make-3.82-23.el7.x86_64 already installed and latest version
Package bzip2-1.0.6-13.el7.x86_64 already installed and latest version
Resolving Dependencies
--> Running transaction check
---> Package gcc.x86_64 0:4.8.5-16.el7_4.2 will be installed
--> Processing Dependency: libgomp = 4.8.5-16.el7_4.2 for package: gcc-4.8.5-16.el7_4.2.x86_64
--> Processing Dependency: cpp = 4.8.5-16.el7_4.2 for package: gcc-4.8.5-16.el7_4.2.x86_64
--> Processing Dependency: libgcc >= 4.8.5-16.el7_4.2 for package: gcc-4.8.5-16.el7_4.2.x86_64
--> Processing Dependency: glibc-devel >= 2.2.90-12 for package: gcc-4.8.5-16.el7_4.2.x86_64
--> Processing Dependency: libmpfr.so.4()(64bit) for package: gcc-4.8.5-16.el7_4.2.x86_64
--> Processing Dependency: libmpc.so.3()(64bit) for package: gcc-4.8.5-16.el7_4.2.x86_64
---> Package kernel-devel.x86_64 0:3.10.0-693.17.1.el7 will be installed
---> Package perl.x86_64 4:5.16.3-292.el7 will be installed
--> Processing Dependency: perl-libs = 4:5.16.3-292.el7 for package: 4:perl-5.16.3-292.el7.x86_64
--> Processing Dependency: perl(Socket) >= 1.3 for package: 4:perl-5.16.3-292.el7.x86_64
--> Processing Dependency: perl(Scalar::Util) >= 1.10 for package: 4:perl-5.16.3-292.el7.x86_64
--> Processing Dependency: perl-macros for package: 4:perl-5.16.3-292.el7.x86_64
--> Processing Dependency: perl-libs for package: 4:perl-5.16.3-292.el7.x86_64
--> Processing Dependency: perl(threads::shared) for package: 4:perl-5.16.3-292.el7.x86_64
--> Processing Dependency: perl(threads) for package: 4:perl-5.16.3-292.el7.x86_64
--> Processing Dependency: perl(constant) for package: 4:perl-5.16.3-292.el7.x86_64
--> Processing Dependency: perl(Time::Local) for package: 4:perl-5.16.3-292.el7.x86_64
--> Processing Dependency: perl(Time::HiRes) for package: 4:perl-5.16.3-292.el7.x86_64
--> Processing Dependency: perl(Storable) for package: 4:perl-5.16.3-292.el7.x86_64
--> Processing Dependency: perl(Socket) for package: 4:perl-5.16.3-292.el7.x86_64
--> Processing Dependency: perl(Scalar::Util) for package: 4:perl-5.16.3-292.el7.x86_64
--> Processing Dependency: perl(Pod::Simple::XHTML) for package: 4:perl-5.16.3-292.el7.x86_64
--> Processing Dependency: perl(Pod::Simple::Search) for package: 4:perl-5.16.3-292.el7.x86_64
--> Processing Dependency: perl(Getopt::Long) for package: 4:perl-5.16.3-292.el7.x86_64
--> Processing Dependency: perl(Filter::Util::Call) for package: 4:perl-5.16.3-292.el7.x86_64
--> Processing Dependency: perl(File::Temp) for package: 4:perl-5.16.3-292.el7.x86_64
--> Processing Dependency: perl(File::Spec::Unix) for package: 4:perl-5.16.3-292.el7.x86_64
--> Processing Dependency: perl(File::Spec::Functions) for package: 4:perl-5.16.3-292.el7.x86_64
--> Processing Dependency: perl(File::Spec) for package: 4:perl-5.16.3-292.el7.x86_64
--> Processing Dependency: perl(File::Path) for package: 4:perl-5.16.3-292.el7.x86_64
--> Processing Dependency: perl(Exporter) for package: 4:perl-5.16.3-292.el7.x86_64
--> Processing Dependency: perl(Cwd) for package: 4:perl-5.16.3-292.el7.x86_64
--> Processing Dependency: perl(Carp) for package: 4:perl-5.16.3-292.el7.x86_64
--> Processing Dependency: libperl.so()(64bit) for package: 4:perl-5.16.3-292.el7.x86_64
--> Running transaction check
---> Package cpp.x86_64 0:4.8.5-16.el7_4.2 will be installed
---> Package glibc-devel.x86_64 0:2.17-196.el7_4.2 will be installed
--> Processing Dependency: glibc-headers = 2.17-196.el7_4.2 for package: glibc-devel-2.17-196.el7_4.2.x86_64
--> Processing Dependency: glibc-headers for package: glibc-devel-2.17-196.el7_4.2.x86_64
---> Package libgcc.x86_64 0:4.8.5-16.el7_4.1 will be updated
---> Package libgcc.x86_64 0:4.8.5-16.el7_4.2 will be an update
---> Package libgomp.x86_64 0:4.8.5-16.el7_4.1 will be updated
---> Package libgomp.x86_64 0:4.8.5-16.el7_4.2 will be an update
---> Package libmpc.x86_64 0:1.0.1-3.el7 will be installed
---> Package mpfr.x86_64 0:3.1.1-4.el7 will be installed
---> Package perl-Carp.noarch 0:1.26-244.el7 will be installed
---> Package perl-Exporter.noarch 0:5.68-3.el7 will be installed
---> Package perl-File-Path.noarch 0:2.09-2.el7 will be installed
---> Package perl-File-Temp.noarch 0:0.23.01-3.el7 will be installed
---> Package perl-Filter.x86_64 0:1.49-3.el7 will be installed
---> Package perl-Getopt-Long.noarch 0:2.40-2.el7 will be installed
--> Processing Dependency: perl(Pod::Usage) >= 1.14 for package: perl-Getopt-Long-2.40-2.el7.noarch
--> Processing Dependency: perl(Text::ParseWords) for package: perl-Getopt-Long-2.40-2.el7.noarch
---> Package perl-PathTools.x86_64 0:3.40-5.el7 will be installed
---> Package perl-Pod-Simple.noarch 1:3.28-4.el7 will be installed
--> Processing Dependency: perl(Pod::Escapes) >= 1.04 for package: 1:perl-Pod-Simple-3.28-4.el7.noarch
--> Processing Dependency: perl(Encode) for package: 1:perl-Pod-Simple-3.28-4.el7.noarch
---> Package perl-Scalar-List-Utils.x86_64 0:1.27-248.el7 will be installed
---> Package perl-Socket.x86_64 0:2.010-4.el7 will be installed
---> Package perl-Storable.x86_64 0:2.45-3.el7 will be installed
---> Package perl-Time-HiRes.x86_64 4:1.9725-3.el7 will be installed
---> Package perl-Time-Local.noarch 0:1.2300-2.el7 will be installed
---> Package perl-constant.noarch 0:1.27-2.el7 will be installed
---> Package perl-libs.x86_64 4:5.16.3-292.el7 will be installed
---> Package perl-macros.x86_64 4:5.16.3-292.el7 will be installed
---> Package perl-threads.x86_64 0:1.87-4.el7 will be installed
---> Package perl-threads-shared.x86_64 0:1.43-6.el7 will be installed
--> Running transaction check
---> Package glibc-headers.x86_64 0:2.17-196.el7_4.2 will be installed
--> Processing Dependency: kernel-headers >= 2.2.1 for package: glibc-headers-2.17-196.el7_4.2.x86_64
--> Processing Dependency: kernel-headers for package: glibc-headers-2.17-196.el7_4.2.x86_64
---> Package perl-Encode.x86_64 0:2.51-7.el7 will be installed
---> Package perl-Pod-Escapes.noarch 1:1.04-292.el7 will be installed
---> Package perl-Pod-Usage.noarch 0:1.63-3.el7 will be installed
--> Processing Dependency: perl(Pod::Text) >= 3.15 for package: perl-Pod-Usage-1.63-3.el7.noarch
--> Processing Dependency: perl-Pod-Perldoc for package: perl-Pod-Usage-1.63-3.el7.noarch
---> Package perl-Text-ParseWords.noarch 0:3.29-4.el7 will be installed
--> Running transaction check
---> Package kernel-headers.x86_64 0:3.10.0-693.21.1.el7 will be installed
---> Package perl-Pod-Perldoc.noarch 0:3.20-4.el7 will be installed
--> Processing Dependency: perl(parent) for package: perl-Pod-Perldoc-3.20-4.el7.noarch
--> Processing Dependency: perl(HTTP::Tiny) for package: perl-Pod-Perldoc-3.20-4.el7.noarch
---> Package perl-podlators.noarch 0:2.5.1-3.el7 will be installed
--> Running transaction check
---> Package perl-HTTP-Tiny.noarch 0:0.033-3.el7 will be installed
---> Package perl-parent.noarch 1:0.225-244.el7 will be installed
--> Finished Dependency Resolution

Dependencies Resolved

================================================================================
 Package                   Arch      Version                   Repository  Size
================================================================================
Installing:
 gcc                       x86_64    4.8.5-16.el7_4.2          updates     16 M
 kernel-devel              x86_64    3.10.0-693.17.1.el7       updates     14 M
 perl                      x86_64    4:5.16.3-292.el7          base       8.0 M
Installing for dependencies:
 cpp                       x86_64    4.8.5-16.el7_4.2          updates    6.0 M
 glibc-devel               x86_64    2.17-196.el7_4.2          updates    1.1 M
 glibc-headers             x86_64    2.17-196.el7_4.2          updates    676 k
 kernel-headers            x86_64    3.10.0-693.21.1.el7       updates    6.0 M
 libmpc                    x86_64    1.0.1-3.el7               base        51 k
 mpfr                      x86_64    3.1.1-4.el7               base       203 k
 perl-Carp                 noarch    1.26-244.el7              base        19 k
 perl-Encode               x86_64    2.51-7.el7                base       1.5 M
 perl-Exporter             noarch    5.68-3.el7                base        28 k
 perl-File-Path            noarch    2.09-2.el7                base        26 k
 perl-File-Temp            noarch    0.23.01-3.el7             base        56 k
 perl-Filter               x86_64    1.49-3.el7                base        76 k
 perl-Getopt-Long          noarch    2.40-2.el7                base        56 k
 perl-HTTP-Tiny            noarch    0.033-3.el7               base        38 k
 perl-PathTools            x86_64    3.40-5.el7                base        82 k
 perl-Pod-Escapes          noarch    1:1.04-292.el7            base        51 k
 perl-Pod-Perldoc          noarch    3.20-4.el7                base        87 k
 perl-Pod-Simple           noarch    1:3.28-4.el7              base       216 k
 perl-Pod-Usage            noarch    1.63-3.el7                base        27 k
 perl-Scalar-List-Utils    x86_64    1.27-248.el7              base        36 k
 perl-Socket               x86_64    2.010-4.el7               base        49 k
 perl-Storable             x86_64    2.45-3.el7                base        77 k
 perl-Text-ParseWords      noarch    3.29-4.el7                base        14 k
 perl-Time-HiRes           x86_64    4:1.9725-3.el7            base        45 k
 perl-Time-Local           noarch    1.2300-2.el7              base        24 k
 perl-constant             noarch    1.27-2.el7                base        19 k
 perl-libs                 x86_64    4:5.16.3-292.el7          base       688 k
 perl-macros               x86_64    4:5.16.3-292.el7          base        43 k
 perl-parent               noarch    1:0.225-244.el7           base        12 k
 perl-podlators            noarch    2.5.1-3.el7               base       112 k
 perl-threads              x86_64    1.87-4.el7                base        49 k
 perl-threads-shared       x86_64    1.43-6.el7                base        39 k
Updating for dependencies:
 libgcc                    x86_64    4.8.5-16.el7_4.2          updates     98 k
 libgomp                   x86_64    4.8.5-16.el7_4.2          updates    154 k

Transaction Summary
================================================================================
Install  3 Packages (+32 Dependent packages)
Upgrade             (  2 Dependent packages)

Total download size: 56 M
Downloading packages:
Delta RPMs reduced 252 k of updates to 82 k (67% saved)
/usr/share/doc/libgcc-4.8.5/COPYING: No such file or directory
cannot reconstruct rpm from disk files
/usr/share/doc/libgomp-4.8.5/ChangeLog.bz2: No such file or directory
cannot reconstruct rpm from disk files
Public key for glibc-headers-2.17-196.el7_4.2.x86_64.rpm is not installed
warning: /var/cache/yum/x86_64/7/updates/packages/glibc-headers-2.17-196.el7_4.2.x86_64.rpm: Header V3 RSA/SHA256 Signature, key ID f4a80eb5: NOKEY
Public key for libmpc-1.0.1-3.el7.x86_64.rpm is not installed
Some delta RPMs failed to download or rebuild. Retrying..
Public key for libgcc-4.8.5-16.el7_4.2.x86_64.rpm is not installed
--------------------------------------------------------------------------------
Total                                              2.5 MB/s |  56 MB  00:22
Retrieving key from file:///etc/pki/rpm-gpg/RPM-GPG-KEY-CentOS-7
Importing GPG key 0xF4A80EB5:
 Userid     : "CentOS-7 Key (CentOS 7 Official Signing Key) <security@centos.org>"
 Fingerprint: 6341 ab27 53d7 8a78 a7c2 7bb1 24c6 a8a7 f4a8 0eb5
 Package    : centos-release-7-4.1708.el7.centos.x86_64 (@anaconda)
 From       : /etc/pki/rpm-gpg/RPM-GPG-KEY-CentOS-7
Running transaction check
Running transaction test
Transaction test succeeded
Running transaction
  Installing : mpfr-3.1.1-4.el7.x86_64                                     1/39
  Installing : libmpc-1.0.1-3.el7.x86_64                                   2/39
  Installing : cpp-4.8.5-16.el7_4.2.x86_64                                 3/39
  Installing : 1:perl-parent-0.225-244.el7.noarch                          4/39
  Installing : perl-HTTP-Tiny-0.033-3.el7.noarch                           5/39
  Installing : perl-podlators-2.5.1-3.el7.noarch                           6/39
  Installing : perl-Pod-Perldoc-3.20-4.el7.noarch                          7/39
  Installing : perl-Text-ParseWords-3.29-4.el7.noarch                      8/39
  Installing : 1:perl-Pod-Escapes-1.04-292.el7.noarch                      9/39
  Installing : perl-Encode-2.51-7.el7.x86_64                              10/39
  Installing : perl-Pod-Usage-1.63-3.el7.noarch                           11/39
  Installing : 4:perl-macros-5.16.3-292.el7.x86_64                        12/39
  Installing : 4:perl-libs-5.16.3-292.el7.x86_64                          13/39
  Installing : perl-Storable-2.45-3.el7.x86_64                            14/39
  Installing : perl-Exporter-5.68-3.el7.noarch                            15/39
  Installing : perl-constant-1.27-2.el7.noarch                            16/39
  Installing : perl-Time-Local-1.2300-2.el7.noarch                        17/39
  Installing : perl-Socket-2.010-4.el7.x86_64                             18/39
  Installing : perl-Carp-1.26-244.el7.noarch                              19/39
  Installing : 4:perl-Time-HiRes-1.9725-3.el7.x86_64                      20/39
  Installing : perl-PathTools-3.40-5.el7.x86_64                           21/39
  Installing : perl-Scalar-List-Utils-1.27-248.el7.x86_64                 22/39
  Installing : perl-File-Temp-0.23.01-3.el7.noarch                        23/39
  Installing : perl-File-Path-2.09-2.el7.noarch                           24/39
  Installing : perl-threads-shared-1.43-6.el7.x86_64                      25/39
  Installing : perl-threads-1.87-4.el7.x86_64                             26/39
  Installing : perl-Filter-1.49-3.el7.x86_64                              27/39
  Installing : 1:perl-Pod-Simple-3.28-4.el7.noarch                        28/39
  Installing : perl-Getopt-Long-2.40-2.el7.noarch                         29/39
  Installing : 4:perl-5.16.3-292.el7.x86_64                               30/39
  Installing : kernel-headers-3.10.0-693.21.1.el7.x86_64                  31/39
  Installing : glibc-headers-2.17-196.el7_4.2.x86_64                      32/39
  Installing : glibc-devel-2.17-196.el7_4.2.x86_64                        33/39
  Updating   : libgcc-4.8.5-16.el7_4.2.x86_64                             34/39
  Updating   : libgomp-4.8.5-16.el7_4.2.x86_64                            35/39
  Installing : gcc-4.8.5-16.el7_4.2.x86_64                                36/39
  Installing : kernel-devel-3.10.0-693.17.1.el7.x86_64                    37/39
  Cleanup    : libgcc-4.8.5-16.el7_4.1.x86_64                             38/39
  Cleanup    : libgomp-4.8.5-16.el7_4.1.x86_64                            39/39
  Verifying  : perl-HTTP-Tiny-0.033-3.el7.noarch                           1/39
  Verifying  : perl-threads-shared-1.43-6.el7.x86_64                       2/39
  Verifying  : perl-Storable-2.45-3.el7.x86_64                             3/39
  Verifying  : mpfr-3.1.1-4.el7.x86_64                                     4/39
  Verifying  : perl-Exporter-5.68-3.el7.noarch                             5/39
  Verifying  : perl-constant-1.27-2.el7.noarch                             6/39
  Verifying  : perl-PathTools-3.40-5.el7.x86_64                            7/39
  Verifying  : 4:perl-macros-5.16.3-292.el7.x86_64                         8/39
  Verifying  : cpp-4.8.5-16.el7_4.2.x86_64                                 9/39
  Verifying  : glibc-devel-2.17-196.el7_4.2.x86_64                        10/39
  Verifying  : 4:perl-5.16.3-292.el7.x86_64                               11/39
  Verifying  : perl-File-Temp-0.23.01-3.el7.noarch                        12/39
  Verifying  : kernel-devel-3.10.0-693.17.1.el7.x86_64                    13/39
  Verifying  : 1:perl-Pod-Simple-3.28-4.el7.noarch                        14/39
  Verifying  : 4:perl-libs-5.16.3-292.el7.x86_64                          15/39
  Verifying  : perl-Time-Local-1.2300-2.el7.noarch                        16/39
  Verifying  : glibc-headers-2.17-196.el7_4.2.x86_64                      17/39
  Verifying  : perl-Socket-2.010-4.el7.x86_64                             18/39
  Verifying  : perl-Carp-1.26-244.el7.noarch                              19/39
  Verifying  : 1:perl-parent-0.225-244.el7.noarch                         20/39
  Verifying  : 4:perl-Time-HiRes-1.9725-3.el7.x86_64                      21/39
  Verifying  : perl-Scalar-List-Utils-1.27-248.el7.x86_64                 22/39
  Verifying  : libmpc-1.0.1-3.el7.x86_64                                  23/39
  Verifying  : libgomp-4.8.5-16.el7_4.2.x86_64                            24/39
  Verifying  : libgcc-4.8.5-16.el7_4.2.x86_64                             25/39
  Verifying  : perl-Pod-Usage-1.63-3.el7.noarch                           26/39
  Verifying  : perl-Encode-2.51-7.el7.x86_64                              27/39
  Verifying  : perl-podlators-2.5.1-3.el7.noarch                          28/39
  Verifying  : perl-Getopt-Long-2.40-2.el7.noarch                         29/39
  Verifying  : perl-File-Path-2.09-2.el7.noarch                           30/39
  Verifying  : perl-threads-1.87-4.el7.x86_64                             31/39
  Verifying  : kernel-headers-3.10.0-693.21.1.el7.x86_64                  32/39
  Verifying  : perl-Filter-1.49-3.el7.x86_64                              33/39
  Verifying  : perl-Pod-Perldoc-3.20-4.el7.noarch                         34/39
  Verifying  : perl-Text-ParseWords-3.29-4.el7.noarch                     35/39
  Verifying  : gcc-4.8.5-16.el7_4.2.x86_64                                36/39
  Verifying  : 1:perl-Pod-Escapes-1.04-292.el7.noarch                     37/39
  Verifying  : libgomp-4.8.5-16.el7_4.1.x86_64                            38/39
  Verifying  : libgcc-4.8.5-16.el7_4.1.x86_64                             39/39

Installed:
  gcc.x86_64 0:4.8.5-16.el7_4.2    kernel-devel.x86_64 0:3.10.0-693.17.1.el7
  perl.x86_64 4:5.16.3-292.el7

Dependency Installed:
  cpp.x86_64 0:4.8.5-16.el7_4.2
  glibc-devel.x86_64 0:2.17-196.el7_4.2
  glibc-headers.x86_64 0:2.17-196.el7_4.2
  kernel-headers.x86_64 0:3.10.0-693.21.1.el7
  libmpc.x86_64 0:1.0.1-3.el7
  mpfr.x86_64 0:3.1.1-4.el7
  perl-Carp.noarch 0:1.26-244.el7
  perl-Encode.x86_64 0:2.51-7.el7
  perl-Exporter.noarch 0:5.68-3.el7
  perl-File-Path.noarch 0:2.09-2.el7
  perl-File-Temp.noarch 0:0.23.01-3.el7
  perl-Filter.x86_64 0:1.49-3.el7
  perl-Getopt-Long.noarch 0:2.40-2.el7
  perl-HTTP-Tiny.noarch 0:0.033-3.el7
  perl-PathTools.x86_64 0:3.40-5.el7
  perl-Pod-Escapes.noarch 1:1.04-292.el7
  perl-Pod-Perldoc.noarch 0:3.20-4.el7
  perl-Pod-Simple.noarch 1:3.28-4.el7
  perl-Pod-Usage.noarch 0:1.63-3.el7
  perl-Scalar-List-Utils.x86_64 0:1.27-248.el7
  perl-Socket.x86_64 0:2.010-4.el7
  perl-Storable.x86_64 0:2.45-3.el7
  perl-Text-ParseWords.noarch 0:3.29-4.el7
  perl-Time-HiRes.x86_64 4:1.9725-3.el7
  perl-Time-Local.noarch 0:1.2300-2.el7
  perl-constant.noarch 0:1.27-2.el7
  perl-libs.x86_64 4:5.16.3-292.el7
  perl-macros.x86_64 4:5.16.3-292.el7
  perl-parent.noarch 1:0.225-244.el7
  perl-podlators.noarch 0:2.5.1-3.el7
  perl-threads.x86_64 0:1.87-4.el7
  perl-threads-shared.x86_64 0:1.43-6.el7

Dependency Updated:
  libgcc.x86_64 0:4.8.5-16.el7_4.2       libgomp.x86_64 0:4.8.5-16.el7_4.2

Complete!
Copy iso file C:\Program Files\Oracle\VirtualBox\VBoxGuestAdditions.iso into the box /tmp/VBoxGuestAdditions.iso
Mounting Virtualbox Guest Additions ISO to: /mnt
mount: /dev/loop0 is write-protected, mounting read-only
Installing Virtualbox Guest Additions 5.2.8 - guest version is unknown
Verifying archive integrity... All good.
Uncompressing VirtualBox 5.2.8 Guest Additions for Linux........
VirtualBox Guest Additions installer
Copying additional installer modules ...
Installing additional modules ...
VirtualBox Guest Additions: Building the VirtualBox Guest Additions kernel modules.
VirtualBox Guest Additions: Starting.
Redirecting to /bin/systemctl start vboxadd.service
Redirecting to /bin/systemctl start vboxadd-service.service
Unmounting Virtualbox Guest Additions ISO from: /mnt
==> ansible-server: Checking for guest additions in VM...
==> ansible-server: Setting hostname...
==> ansible-server: Configuring and enabling network interfaces...
    ansible-server: SSH address: 127.0.0.1:60010
    ansible-server: SSH username: vagrant
    ansible-server: SSH auth method: private key
