c:\HashiCorp>vag_reconf.bat
어느 vagrant를 재구성 및 시작하시겠습니까? 모두는 그냥 enter를 입력 하세요: ansible-server
==> ansible-server: Attempting graceful shutdown of VM...
==> ansible-server: Destroying VM and associated drives...
Bringing machine 'ansible-server' up with 'virtualbox' provider...
==> ansible-server: Importing base box 'centos/7'...
==> ansible-server: Matching MAC address for NAT networking...
==> ansible-server: Checking if box 'centos/7' is up to date...
==> ansible-server: Setting the name of the VM: Ansible-Server(github_SysNet4Admin)
==> ansible-server: Clearing any previously set network interfaces...
==> ansible-server: Preparing network interfaces based on configuration...
    ansible-server: Adapter 1: nat
    ansible-server: Adapter 2: bridged
==> ansible-server: Forwarding ports...
    ansible-server: 22 (guest) => 60010 (host) (adapter 1)
==> ansible-server: Booting VM...
==> ansible-server: Waiting for machine to boot. This may take a few minutes...
    ansible-server: SSH address: 127.0.0.1:60010
    ansible-server: SSH username: vagrant
    ansible-server: SSH auth method: private key
    ansible-server: Warning: Connection aborted. Retrying...
    ansible-server: Warning: Connection reset. Retrying...
    ansible-server: Warning: Remote connection disconnect. Retrying...
    ansible-server: Warning: Connection aborted. Retrying...
    ansible-server: Warning: Connection reset. Retrying...
    ansible-server: Warning: Remote connection disconnect. Retrying...
    ansible-server: Warning: Connection aborted. Retrying...
    ansible-server: Warning: Connection reset. Retrying...
    ansible-server: Warning: Connection aborted. Retrying...
    ansible-server: Warning: Remote connection disconnect. Retrying...
    ansible-server: Warning: Connection aborted. Retrying...
    ansible-server: Warning: Connection reset. Retrying...
    ansible-server: Warning: Connection aborted. Retrying...
    ansible-server: Warning: Connection reset. Retrying...
    ansible-server: Warning: Connection aborted. Retrying...
    ansible-server: Warning: Remote connection disconnect. Retrying...
    ansible-server: Warning: Connection reset. Retrying...
    ansible-server: Warning: Connection aborted. Retrying...
    ansible-server: Warning: Connection reset. Retrying...
    ansible-server: Warning: Remote connection disconnect. Retrying...
    ansible-server: Warning: Connection reset. Retrying...
    ansible-server: Warning: Remote connection disconnect. Retrying...
    ansible-server: Warning: Connection aborted. Retrying...
    ansible-server: Warning: Connection reset. Retrying...
    ansible-server: Warning: Connection aborted. Retrying...
    ansible-server: Warning: Connection reset. Retrying...
    ansible-server: Warning: Remote connection disconnect. Retrying...
    ansible-server: Warning: Connection aborted. Retrying...
    ansible-server: Warning: Connection reset. Retrying...
    ansible-server: Warning: Connection aborted. Retrying...
    ansible-server: Warning: Connection reset. Retrying...
    ansible-server: Warning: Remote connection disconnect. Retrying...
    ansible-server: Warning: Connection aborted. Retrying...
    ansible-server: Warning: Connection reset. Retrying...
    ansible-server: Warning: Remote connection disconnect. Retrying...
    ansible-server: Warning: Connection reset. Retrying...
    ansible-server: Warning: Connection aborted. Retrying...
    ansible-server: Warning: Remote connection disconnect. Retrying...
    ansible-server: Warning: Connection aborted. Retrying...
    ansible-server: Warning: Connection reset. Retrying...
    ansible-server: Warning: Connection aborted. Retrying...
    ansible-server: Warning: Connection reset. Retrying...
    ansible-server: Warning: Connection aborted. Retrying...
    ansible-server: Warning: Remote connection disconnect. Retrying...
    ansible-server: Warning: Connection aborted. Retrying...
    ansible-server: Warning: Remote connection disconnect. Retrying...
    ansible-server: Warning: Connection aborted. Retrying...
    ansible-server: Warning: Remote connection disconnect. Retrying...
    ansible-server: Warning: Connection aborted. Retrying...
    ansible-server: Warning: Remote connection disconnect. Retrying...
    ansible-server: Warning: Connection aborted. Retrying...
    ansible-server: Warning: Remote connection disconnect. Retrying...
    ansible-server: Warning: Connection reset. Retrying...
    ansible-server: Warning: Connection aborted. Retrying...
    ansible-server: Warning: Remote connection disconnect. Retrying...
    ansible-server: Warning: Connection aborted. Retrying...
    ansible-server: Warning: Remote connection disconnect. Retrying...
    ansible-server: Warning: Connection aborted. Retrying...
    ansible-server: Warning: Connection reset. Retrying...
    ansible-server: Warning: Remote connection disconnect. Retrying...
    ansible-server: Warning: Connection aborted. Retrying...
    ansible-server: Warning: Connection reset. Retrying...
    ansible-server: Warning: Connection aborted. Retrying...
    ansible-server: Warning: Connection reset. Retrying...
    ansible-server: Warning: Connection aborted. Retrying...
    ansible-server: Warning: Connection reset. Retrying...
    ansible-server: Warning: Remote connection disconnect. Retrying...
    ansible-server: Warning: Connection aborted. Retrying...
    ansible-server: Warning: Remote connection disconnect. Retrying...
    ansible-server: Warning: Connection aborted. Retrying...
    ansible-server: Warning: Connection reset. Retrying...
    ansible-server: Warning: Connection aborted. Retrying...
    ansible-server: Warning: Remote connection disconnect. Retrying...
    ansible-server: Warning: Connection aborted. Retrying...
    ansible-server: Warning: Connection reset. Retrying...
    ansible-server: Warning: Connection aborted. Retrying...
    ansible-server: Warning: Connection reset. Retrying...
    ansible-server: Warning: Connection aborted. Retrying...
    ansible-server: Warning: Remote connection disconnect. Retrying...
    ansible-server: Warning: Connection aborted. Retrying...
    ansible-server: Warning: Connection reset. Retrying...
    ansible-server: Warning: Connection aborted. Retrying...
    ansible-server: Warning: Remote connection disconnect. Retrying...
    ansible-server: Warning: Connection aborted. Retrying...
    ansible-server: Warning: Connection reset. Retrying...
    ansible-server: Warning: Remote connection disconnect. Retrying...
    ansible-server: Warning: Connection aborted. Retrying...
    ansible-server: Warning: Connection reset. Retrying...
    ansible-server: Warning: Connection aborted. Retrying...
    ansible-server:
    ansible-server: Vagrant insecure key detected. Vagrant will automatically replace
    ansible-server: this with a newly generated keypair for better security.
    ansible-server:
    ansible-server: Inserting generated public key within guest...
    ansible-server: Removing insecure key from the guest if it's present...
    ansible-server: Key inserted! Disconnecting and reconnecting using new SSH key...
==> ansible-server: Machine booted and ready!
[ansible-server] No installation found.
Loaded plugins: fastestmirror
Determining fastest mirrors
 * base: mirror.kakao.com
 * extras: mirror.kakao.com
 * updates: mirror.kakao.com
Package binutils-2.27-27.base.el7.x86_64 already installed and latest version
Package 1:make-3.82-23.el7.x86_64 already installed and latest version
Package bzip2-1.0.6-13.el7.x86_64 already installed and latest version
Resolving Dependencies
--> Running transaction check
---> Package gcc.x86_64 0:4.8.5-28.el7_5.1 will be installed
--> Processing Dependency: libgomp = 4.8.5-28.el7_5.1 for package: gcc-4.8.5-28.el7_5.1.x86_64
--> Processing Dependency: cpp = 4.8.5-28.el7_5.1 for package: gcc-4.8.5-28.el7_5.1.x86_64
--> Processing Dependency: libgcc >= 4.8.5-28.el7_5.1 for package: gcc-4.8.5-28.el7_5.1.x86_64
--> Processing Dependency: glibc-devel >= 2.2.90-12 for package: gcc-4.8.5-28.el7_5.1.x86_64
--> Processing Dependency: libmpfr.so.4()(64bit) for package: gcc-4.8.5-28.el7_5.1.x86_64
--> Processing Dependency: libmpc.so.3()(64bit) for package: gcc-4.8.5-28.el7_5.1.x86_64
---> Package kernel-devel.x86_64 0:3.10.0-862.2.3.el7 will be installed
---> Package perl.x86_64 4:5.16.3-292.el7 will be installed
--> Processing Dependency: perl-libs = 4:5.16.3-292.el7 for package: 4:perl-5.16.3-292.el7.x86_64
--> Processing Dependency: perl(Socket) >= 1.3 for package: 4:perl-5.16.3-292.el7.x86_64
--> Processing Dependency: perl(Scalar::Util) >= 1.10 for package: 4:perl-5.16.3-292.el7.x86_64
--> Processing Dependency: perl-macros for package: 4:perl-5.16.3-292.el7.x86_64
--> Processing Dependency: perl-libs for package: 4:perl-5.16.3-292.el7.x86_64
--> Processing Dependency: perl(threads::shared) for package: 4:perl-5.16.3-292.el7.x86_64
--> Processing Dependency: perl(threads) for package: 4:perl-5.16.3-292.el7.x86_64
--> Processing Dependency: perl(constant) for package: 4:perl-5.16.3-292.el7.x86_64
--> Processing Dependency: perl(Time::Local) for package: 4:perl-5.16.3-292.el7.x86_64
--> Processing Dependency: perl(Time::HiRes) for package: 4:perl-5.16.3-292.el7.x86_64
--> Processing Dependency: perl(Storable) for package: 4:perl-5.16.3-292.el7.x86_64
--> Processing Dependency: perl(Socket) for package: 4:perl-5.16.3-292.el7.x86_64
--> Processing Dependency: perl(Scalar::Util) for package: 4:perl-5.16.3-292.el7.x86_64
--> Processing Dependency: perl(Pod::Simple::XHTML) for package: 4:perl-5.16.3-292.el7.x86_64
--> Processing Dependency: perl(Pod::Simple::Search) for package: 4:perl-5.16.3-292.el7.x86_64
--> Processing Dependency: perl(Getopt::Long) for package: 4:perl-5.16.3-292.el7.x86_64
--> Processing Dependency: perl(Filter::Util::Call) for package: 4:perl-5.16.3-292.el7.x86_64
--> Processing Dependency: perl(File::Temp) for package: 4:perl-5.16.3-292.el7.x86_64
--> Processing Dependency: perl(File::Spec::Unix) for package: 4:perl-5.16.3-292.el7.x86_64
--> Processing Dependency: perl(File::Spec::Functions) for package: 4:perl-5.16.3-292.el7.x86_64
--> Processing Dependency: perl(File::Spec) for package: 4:perl-5.16.3-292.el7.x86_64
--> Processing Dependency: perl(File::Path) for package: 4:perl-5.16.3-292.el7.x86_64
--> Processing Dependency: perl(Exporter) for package: 4:perl-5.16.3-292.el7.x86_64
--> Processing Dependency: perl(Cwd) for package: 4:perl-5.16.3-292.el7.x86_64
--> Processing Dependency: perl(Carp) for package: 4:perl-5.16.3-292.el7.x86_64
--> Processing Dependency: libperl.so()(64bit) for package: 4:perl-5.16.3-292.el7.x86_64
--> Running transaction check
---> Package cpp.x86_64 0:4.8.5-28.el7_5.1 will be installed
---> Package glibc-devel.x86_64 0:2.17-222.el7 will be installed
--> Processing Dependency: glibc-headers = 2.17-222.el7 for package: glibc-devel-2.17-222.el7.x86_64
--> Processing Dependency: glibc-headers for package: glibc-devel-2.17-222.el7.x86_64
---> Package libgcc.x86_64 0:4.8.5-28.el7 will be updated
---> Package libgcc.x86_64 0:4.8.5-28.el7_5.1 will be an update
---> Package libgomp.x86_64 0:4.8.5-28.el7 will be updated
---> Package libgomp.x86_64 0:4.8.5-28.el7_5.1 will be an update
---> Package libmpc.x86_64 0:1.0.1-3.el7 will be installed
---> Package mpfr.x86_64 0:3.1.1-4.el7 will be installed
---> Package perl-Carp.noarch 0:1.26-244.el7 will be installed
---> Package perl-Exporter.noarch 0:5.68-3.el7 will be installed
---> Package perl-File-Path.noarch 0:2.09-2.el7 will be installed
---> Package perl-File-Temp.noarch 0:0.23.01-3.el7 will be installed
---> Package perl-Filter.x86_64 0:1.49-3.el7 will be installed
---> Package perl-Getopt-Long.noarch 0:2.40-3.el7 will be installed
--> Processing Dependency: perl(Pod::Usage) >= 1.14 for package: perl-Getopt-Long-2.40-3.el7.noarch
--> Processing Dependency: perl(Text::ParseWords) for package: perl-Getopt-Long-2.40-3.el7.noarch
---> Package perl-PathTools.x86_64 0:3.40-5.el7 will be installed
---> Package perl-Pod-Simple.noarch 1:3.28-4.el7 will be installed
--> Processing Dependency: perl(Pod::Escapes) >= 1.04 for package: 1:perl-Pod-Simple-3.28-4.el7.noarch
--> Processing Dependency: perl(Encode) for package: 1:perl-Pod-Simple-3.28-4.el7.noarch
---> Package perl-Scalar-List-Utils.x86_64 0:1.27-248.el7 will be installed
---> Package perl-Socket.x86_64 0:2.010-4.el7 will be installed
---> Package perl-Storable.x86_64 0:2.45-3.el7 will be installed
---> Package perl-Time-HiRes.x86_64 4:1.9725-3.el7 will be installed
---> Package perl-Time-Local.noarch 0:1.2300-2.el7 will be installed
---> Package perl-constant.noarch 0:1.27-2.el7 will be installed
---> Package perl-libs.x86_64 4:5.16.3-292.el7 will be installed
---> Package perl-macros.x86_64 4:5.16.3-292.el7 will be installed
---> Package perl-threads.x86_64 0:1.87-4.el7 will be installed
---> Package perl-threads-shared.x86_64 0:1.43-6.el7 will be installed
--> Running transaction check
---> Package glibc-headers.x86_64 0:2.17-222.el7 will be installed
--> Processing Dependency: kernel-headers >= 2.2.1 for package: glibc-headers-2.17-222.el7.x86_64
--> Processing Dependency: kernel-headers for package: glibc-headers-2.17-222.el7.x86_64
---> Package perl-Encode.x86_64 0:2.51-7.el7 will be installed
---> Package perl-Pod-Escapes.noarch 1:1.04-292.el7 will be installed
---> Package perl-Pod-Usage.noarch 0:1.63-3.el7 will be installed
--> Processing Dependency: perl(Pod::Text) >= 3.15 for package: perl-Pod-Usage-1.63-3.el7.noarch
--> Processing Dependency: perl-Pod-Perldoc for package: perl-Pod-Usage-1.63-3.el7.noarch
---> Package perl-Text-ParseWords.noarch 0:3.29-4.el7 will be installed
--> Running transaction check
---> Package kernel-headers.x86_64 0:3.10.0-862.3.3.el7 will be installed
---> Package perl-Pod-Perldoc.noarch 0:3.20-4.el7 will be installed
--> Processing Dependency: perl(parent) for package: perl-Pod-Perldoc-3.20-4.el7.noarch
--> Processing Dependency: perl(HTTP::Tiny) for package: perl-Pod-Perldoc-3.20-4.el7.noarch
---> Package perl-podlators.noarch 0:2.5.1-3.el7 will be installed
--> Running transaction check
---> Package perl-HTTP-Tiny.noarch 0:0.033-3.el7 will be installed
---> Package perl-parent.noarch 1:0.225-244.el7 will be installed
--> Finished Dependency Resolution

Dependencies Resolved

================================================================================
 Package                    Arch       Version                Repository   Size
================================================================================
Installing:
 gcc                        x86_64     4.8.5-28.el7_5.1       updates      16 M
 kernel-devel               x86_64     3.10.0-862.2.3.el7     updates      16 M
 perl                       x86_64     4:5.16.3-292.el7       base        8.0 M
Installing for dependencies:
 cpp                        x86_64     4.8.5-28.el7_5.1       updates     5.9 M
 glibc-devel                x86_64     2.17-222.el7           base        1.1 M
 glibc-headers              x86_64     2.17-222.el7           base        678 k
 kernel-headers             x86_64     3.10.0-862.3.3.el7     updates     7.1 M
 libmpc                     x86_64     1.0.1-3.el7            base         51 k
 mpfr                       x86_64     3.1.1-4.el7            base        203 k
 perl-Carp                  noarch     1.26-244.el7           base         19 k
 perl-Encode                x86_64     2.51-7.el7             base        1.5 M
 perl-Exporter              noarch     5.68-3.el7             base         28 k
 perl-File-Path             noarch     2.09-2.el7             base         26 k
 perl-File-Temp             noarch     0.23.01-3.el7          base         56 k
 perl-Filter                x86_64     1.49-3.el7             base         76 k
 perl-Getopt-Long           noarch     2.40-3.el7             base         56 k
 perl-HTTP-Tiny             noarch     0.033-3.el7            base         38 k
 perl-PathTools             x86_64     3.40-5.el7             base         82 k
 perl-Pod-Escapes           noarch     1:1.04-292.el7         base         51 k
 perl-Pod-Perldoc           noarch     3.20-4.el7             base         87 k
 perl-Pod-Simple            noarch     1:3.28-4.el7           base        216 k
 perl-Pod-Usage             noarch     1.63-3.el7             base         27 k
 perl-Scalar-List-Utils     x86_64     1.27-248.el7           base         36 k
 perl-Socket                x86_64     2.010-4.el7            base         49 k
 perl-Storable              x86_64     2.45-3.el7             base         77 k
 perl-Text-ParseWords       noarch     3.29-4.el7             base         14 k
 perl-Time-HiRes            x86_64     4:1.9725-3.el7         base         45 k
 perl-Time-Local            noarch     1.2300-2.el7           base         24 k
 perl-constant              noarch     1.27-2.el7             base         19 k
 perl-libs                  x86_64     4:5.16.3-292.el7       base        688 k
 perl-macros                x86_64     4:5.16.3-292.el7       base         43 k
 perl-parent                noarch     1:0.225-244.el7        base         12 k
 perl-podlators             noarch     2.5.1-3.el7            base        112 k
 perl-threads               x86_64     1.87-4.el7             base         49 k
 perl-threads-shared        x86_64     1.43-6.el7             base         39 k
Updating for dependencies:
 libgcc                     x86_64     4.8.5-28.el7_5.1       updates     101 k
 libgomp                    x86_64     4.8.5-28.el7_5.1       updates     156 k

Transaction Summary
================================================================================
Install  3 Packages (+32 Dependent packages)
Upgrade             (  2 Dependent packages)

Total download size: 58 M
Downloading packages:
Delta RPMs reduced 257 k of updates to 91 k (64% saved)
/usr/share/doc/libgcc-4.8.5/COPYING: No such file or directory
cannot reconstruct rpm from disk files
Public key for cpp-4.8.5-28.el7_5.1.x86_64.rpm is not installed
warning: /var/cache/yum/x86_64/7/updates/packages/cpp-4.8.5-28.el7_5.1.x86_64.rpm: Header V3 RSA/SHA256 Signature, key ID f4a80eb5: NOKEY
/usr/share/doc/libgomp-4.8.5/ChangeLog.bz2: No such file or directory
cannot reconstruct rpm from disk files
Public key for glibc-devel-2.17-222.el7.x86_64.rpm is not installed
Some delta RPMs failed to download or rebuild. Retrying..
Public key for libgcc-4.8.5-28.el7_5.1.x86_64.rpm is not installed
--------------------------------------------------------------------------------
Total                                               25 MB/s |  59 MB  00:02
Retrieving key from file:///etc/pki/rpm-gpg/RPM-GPG-KEY-CentOS-7
Importing GPG key 0xF4A80EB5:
 Userid     : "CentOS-7 Key (CentOS 7 Official Signing Key) <security@centos.org>"
 Fingerprint: 6341 ab27 53d7 8a78 a7c2 7bb1 24c6 a8a7 f4a8 0eb5
 Package    : centos-release-7-5.1804.el7.centos.x86_64 (@anaconda)
 From       : /etc/pki/rpm-gpg/RPM-GPG-KEY-CentOS-7
Running transaction check
Running transaction test
Transaction test succeeded
Running transaction
  Installing : mpfr-3.1.1-4.el7.x86_64                                     1/39
  Installing : libmpc-1.0.1-3.el7.x86_64                                   2/39
  Installing : cpp-4.8.5-28.el7_5.1.x86_64                                 3/39
  Installing : 1:perl-parent-0.225-244.el7.noarch                          4/39
  Installing : perl-HTTP-Tiny-0.033-3.el7.noarch                           5/39
  Installing : perl-podlators-2.5.1-3.el7.noarch                           6/39
  Installing : perl-Pod-Perldoc-3.20-4.el7.noarch                          7/39
  Installing : perl-Text-ParseWords-3.29-4.el7.noarch                      8/39
  Installing : 1:perl-Pod-Escapes-1.04-292.el7.noarch                      9/39
  Installing : perl-Encode-2.51-7.el7.x86_64                              10/39
  Installing : perl-Pod-Usage-1.63-3.el7.noarch                           11/39
  Installing : 4:perl-macros-5.16.3-292.el7.x86_64                        12/39
  Installing : 4:perl-libs-5.16.3-292.el7.x86_64                          13/39
  Installing : perl-Storable-2.45-3.el7.x86_64                            14/39
  Installing : perl-Exporter-5.68-3.el7.noarch                            15/39
  Installing : perl-constant-1.27-2.el7.noarch                            16/39
  Installing : perl-Time-Local-1.2300-2.el7.noarch                        17/39
  Installing : perl-Socket-2.010-4.el7.x86_64                             18/39
  Installing : perl-Carp-1.26-244.el7.noarch                              19/39
  Installing : perl-PathTools-3.40-5.el7.x86_64                           20/39
  Installing : perl-Scalar-List-Utils-1.27-248.el7.x86_64                 21/39
  Installing : perl-File-Temp-0.23.01-3.el7.noarch                        22/39
  Installing : perl-File-Path-2.09-2.el7.noarch                           23/39
  Installing : perl-threads-shared-1.43-6.el7.x86_64                      24/39
  Installing : perl-threads-1.87-4.el7.x86_64                             25/39
  Installing : 4:perl-Time-HiRes-1.9725-3.el7.x86_64                      26/39
  Installing : perl-Filter-1.49-3.el7.x86_64                              27/39
  Installing : 1:perl-Pod-Simple-3.28-4.el7.noarch                        28/39
  Installing : perl-Getopt-Long-2.40-3.el7.noarch                         29/39
  Installing : 4:perl-5.16.3-292.el7.x86_64                               30/39
  Updating   : libgcc-4.8.5-28.el7_5.1.x86_64                             31/39
  Installing : kernel-headers-3.10.0-862.3.3.el7.x86_64                   32/39
  Installing : glibc-headers-2.17-222.el7.x86_64                          33/39
  Installing : glibc-devel-2.17-222.el7.x86_64                            34/39
  Updating   : libgomp-4.8.5-28.el7_5.1.x86_64                            35/39
  Installing : gcc-4.8.5-28.el7_5.1.x86_64                                36/39
  Installing : kernel-devel-3.10.0-862.2.3.el7.x86_64                     37/39
  Cleanup    : libgcc-4.8.5-28.el7.x86_64                                 38/39
  Cleanup    : libgomp-4.8.5-28.el7.x86_64                                39/39
  Verifying  : kernel-devel-3.10.0-862.2.3.el7.x86_64                      1/39
  Verifying  : perl-HTTP-Tiny-0.033-3.el7.noarch                           2/39
  Verifying  : perl-threads-shared-1.43-6.el7.x86_64                       3/39
  Verifying  : perl-Storable-2.45-3.el7.x86_64                             4/39
  Verifying  : mpfr-3.1.1-4.el7.x86_64                                     5/39
  Verifying  : perl-Exporter-5.68-3.el7.noarch                             6/39
  Verifying  : perl-constant-1.27-2.el7.noarch                             7/39
  Verifying  : perl-PathTools-3.40-5.el7.x86_64                            8/39
  Verifying  : glibc-headers-2.17-222.el7.x86_64                           9/39
  Verifying  : 4:perl-macros-5.16.3-292.el7.x86_64                        10/39
  Verifying  : libgomp-4.8.5-28.el7_5.1.x86_64                            11/39
  Verifying  : 1:perl-parent-0.225-244.el7.noarch                         12/39
  Verifying  : 4:perl-5.16.3-292.el7.x86_64                               13/39
  Verifying  : kernel-headers-3.10.0-862.3.3.el7.x86_64                   14/39
  Verifying  : gcc-4.8.5-28.el7_5.1.x86_64                                15/39
  Verifying  : perl-File-Temp-0.23.01-3.el7.noarch                        16/39
  Verifying  : 1:perl-Pod-Simple-3.28-4.el7.noarch                        17/39
  Verifying  : perl-Time-Local-1.2300-2.el7.noarch                        18/39
  Verifying  : 4:perl-libs-5.16.3-292.el7.x86_64                          19/39
  Verifying  : perl-Socket-2.010-4.el7.x86_64                             20/39
  Verifying  : perl-Carp-1.26-244.el7.noarch                              21/39
  Verifying  : libgcc-4.8.5-28.el7_5.1.x86_64                             22/39
  Verifying  : glibc-devel-2.17-222.el7.x86_64                            23/39
  Verifying  : cpp-4.8.5-28.el7_5.1.x86_64                                24/39
  Verifying  : perl-Scalar-List-Utils-1.27-248.el7.x86_64                 25/39
  Verifying  : libmpc-1.0.1-3.el7.x86_64                                  26/39
  Verifying  : perl-Pod-Usage-1.63-3.el7.noarch                           27/39
  Verifying  : perl-Encode-2.51-7.el7.x86_64                              28/39
  Verifying  : perl-Pod-Perldoc-3.20-4.el7.noarch                         29/39
  Verifying  : perl-podlators-2.5.1-3.el7.noarch                          30/39
  Verifying  : perl-File-Path-2.09-2.el7.noarch                           31/39
  Verifying  : perl-threads-1.87-4.el7.x86_64                             32/39
  Verifying  : 4:perl-Time-HiRes-1.9725-3.el7.x86_64                      33/39
  Verifying  : perl-Filter-1.49-3.el7.x86_64                              34/39
  Verifying  : perl-Getopt-Long-2.40-3.el7.noarch                         35/39
  Verifying  : perl-Text-ParseWords-3.29-4.el7.noarch                     36/39
  Verifying  : 1:perl-Pod-Escapes-1.04-292.el7.noarch                     37/39
  Verifying  : libgomp-4.8.5-28.el7.x86_64                                38/39
  Verifying  : libgcc-4.8.5-28.el7.x86_64                                 39/39

Installed:
  gcc.x86_64 0:4.8.5-28.el7_5.1     kernel-devel.x86_64 0:3.10.0-862.2.3.el7
  perl.x86_64 4:5.16.3-292.el7

Dependency Installed:
  cpp.x86_64 0:4.8.5-28.el7_5.1
  glibc-devel.x86_64 0:2.17-222.el7
  glibc-headers.x86_64 0:2.17-222.el7
  kernel-headers.x86_64 0:3.10.0-862.3.3.el7
  libmpc.x86_64 0:1.0.1-3.el7
  mpfr.x86_64 0:3.1.1-4.el7
  perl-Carp.noarch 0:1.26-244.el7
  perl-Encode.x86_64 0:2.51-7.el7
  perl-Exporter.noarch 0:5.68-3.el7
  perl-File-Path.noarch 0:2.09-2.el7
  perl-File-Temp.noarch 0:0.23.01-3.el7
  perl-Filter.x86_64 0:1.49-3.el7
  perl-Getopt-Long.noarch 0:2.40-3.el7
  perl-HTTP-Tiny.noarch 0:0.033-3.el7
  perl-PathTools.x86_64 0:3.40-5.el7
  perl-Pod-Escapes.noarch 1:1.04-292.el7
  perl-Pod-Perldoc.noarch 0:3.20-4.el7
  perl-Pod-Simple.noarch 1:3.28-4.el7
  perl-Pod-Usage.noarch 0:1.63-3.el7
  perl-Scalar-List-Utils.x86_64 0:1.27-248.el7
  perl-Socket.x86_64 0:2.010-4.el7
  perl-Storable.x86_64 0:2.45-3.el7
  perl-Text-ParseWords.noarch 0:3.29-4.el7
  perl-Time-HiRes.x86_64 4:1.9725-3.el7
  perl-Time-Local.noarch 0:1.2300-2.el7
  perl-constant.noarch 0:1.27-2.el7
  perl-libs.x86_64 4:5.16.3-292.el7
  perl-macros.x86_64 4:5.16.3-292.el7
  perl-parent.noarch 1:0.225-244.el7
  perl-podlators.noarch 0:2.5.1-3.el7
  perl-threads.x86_64 0:1.87-4.el7
  perl-threads-shared.x86_64 0:1.43-6.el7

Dependency Updated:
  libgcc.x86_64 0:4.8.5-28.el7_5.1       libgomp.x86_64 0:4.8.5-28.el7_5.1

Complete!
Copy iso file C:\Program Files\Oracle\VirtualBox\VBoxGuestAdditions.iso into the box /tmp/VBoxGuestAdditions.iso
Mounting Virtualbox Guest Additions ISO to: /mnt
mount: /dev/loop0 is write-protected, mounting read-only
Installing Virtualbox Guest Additions 5.2.12 - guest version is unknown
Verifying archive integrity... All good.
Uncompressing VirtualBox 5.2.12 Guest Additions for Linux........
VirtualBox Guest Additions installer
Copying additional installer modules ...
Installing additional modules ...
VirtualBox Guest Additions: Building the VirtualBox Guest Additions kernel modules.
VirtualBox Guest Additions: Starting.
Redirecting to /bin/systemctl start vboxadd.service
Redirecting to /bin/systemctl start vboxadd-service.service
Unmounting Virtualbox Guest Additions ISO from: /mnt
==> ansible-server: Checking for guest additions in VM...
==> ansible-server: Setting hostname...
==> ansible-server: Configuring and enabling network interfaces...
    ansible-server: SSH address: 127.0.0.1:60010
    ansible-server: SSH username: vagrant
    ansible-server: SSH auth method: private key
==> ansible-server: Running provisioner: shell...
    ansible-server: Running: inline script
    ansible-server: Loaded plugins: fastestmirror
    ansible-server: Loading mirror speeds from cached hostfile
    ansible-server:  * base: mirror.kakao.com
    ansible-server:  * extras: mirror.kakao.com
    ansible-server:  * updates: mirror.kakao.com
    ansible-server: Resolving Dependencies
    ansible-server: --> Running transaction check
    ansible-server: ---> Package epel-release.noarch 0:7-11 will be installed
    ansible-server: --> Finished Dependency Resolution
    ansible-server:
    ansible-server: Dependencies Resolved
    ansible-server:
    ansible-server: ================================================================================
    ansible-server:  Package                Arch             Version         Repository        Size
    ansible-server: ================================================================================
    ansible-server: Installing:
    ansible-server:  epel-release           noarch           7-11            extras            15 k
    ansible-server:
    ansible-server: Transaction Summary
    ansible-server: ================================================================================
    ansible-server: Install  1 Package
    ansible-server:
    ansible-server: Total download size: 15 k
    ansible-server: Installed size: 24 k
    ansible-server: Downloading packages:
    ansible-server: Running transaction check
    ansible-server: Running transaction test
    ansible-server: Transaction test succeeded
    ansible-server: Running transaction
    ansible-server:   Installing : epel-release-7-11.noarch                                     1/1
    ansible-server:
    ansible-server:   Verifying  : epel-release-7-11.noarch                                     1/1
    ansible-server:
    ansible-server:
    ansible-server: Installed:
    ansible-server:   epel-release.noarch 0:7-11
    ansible-server:
    ansible-server: Complete!
==> ansible-server: Running provisioner: shell...
    ansible-server: Running: inline script
    ansible-server: Loaded plugins: fastestmirror
    ansible-server: Loading mirror speeds from cached hostfile
    ansible-server:  * base: mirror.kakao.com
    ansible-server:  * epel: mirror.premi.st
    ansible-server:  * extras: mirror.kakao.com
    ansible-server:  * updates: mirror.kakao.com
    ansible-server: Resolving Dependencies
    ansible-server: --> Running transaction check
    ansible-server: ---> Package ansible.noarch 0:2.5.5-1.el7 will be installed
    ansible-server: --> Processing Dependency: sshpass for package: ansible-2.5.5-1.el7.noarch
    ansible-server: --> Processing Dependency: python2-jmespath for package: ansible-2.5.5-1.el7.noarch
    ansible-server: --> Processing Dependency: python-six for package: ansible-2.5.5-1.el7.noarch
    ansible-server: --> Processing Dependency: python-setuptools for package: ansible-2.5.5-1.el7.noarch
    ansible-server: --> Processing Dependency: python-paramiko for package: ansible-2.5.5-1.el7.noarch
    ansible-server: --> Processing Dependency: python-keyczar for package: ansible-2.5.5-1.el7.noarch
    ansible-server: --> Processing Dependency: python-jinja2 for package: ansible-2.5.5-1.el7.noarch
    ansible-server: --> Processing Dependency: python-httplib2 for package: ansible-2.5.5-1.el7.noarch
    ansible-server: --> Processing Dependency: python-crypto for package: ansible-2.5.5-1.el7.noarch
    ansible-server: --> Processing Dependency: PyYAML for package: ansible-2.5.5-1.el7.noarch
    ansible-server: --> Running transaction check
    ansible-server: ---> Package PyYAML.x86_64 0:3.10-11.el7 will be installed
    ansible-server: --> Processing Dependency: libyaml-0.so.2()(64bit) for package: PyYAML-3.10-11.el7.x86_64
    ansible-server: ---> Package python-httplib2.noarch 0:0.9.2-1.el7 will be installed
    ansible-server: ---> Package python-jinja2.noarch 0:2.7.2-2.el7 will be installed
    ansible-server: --> Processing Dependency: python-babel >= 0.8 for package: python-jinja2-2.7.2-2.el7.noarch
    ansible-server: --> Processing Dependency: python-markupsafe for package: python-jinja2-2.7.2-2.el7.noarch
    ansible-server: ---> Package python-keyczar.noarch 0:0.71c-2.el7 will be installed
    ansible-server: --> Processing Dependency: python-pyasn1 for package: python-keyczar-0.71c-2.el7.noarch
    ansible-server: ---> Package python-paramiko.noarch 0:2.1.1-4.el7 will be installed
    ansible-server: --> Processing Dependency: python-cryptography for package: python-paramiko-2.1.1-4.el7.noarch
    ansible-server: ---> Package python-setuptools.noarch 0:0.9.8-7.el7 will be installed
    ansible-server: --> Processing Dependency: python-backports-ssl_match_hostname for package: python-setuptools-0.9.8-7.el7.noarch
    ansible-server: ---> Package python-six.noarch 0:1.9.0-2.el7 will be installed
    ansible-server: ---> Package python2-crypto.x86_64 0:2.6.1-15.el7 will be installed
    ansible-server: --> Processing Dependency: libtomcrypt.so.0()(64bit) for package: python2-crypto-2.6.1-15.el7.x86_64
    ansible-server: ---> Package python2-jmespath.noarch 0:0.9.0-3.el7 will be installed
    ansible-server: ---> Package sshpass.x86_64 0:1.06-2.el7 will be installed
    ansible-server: --> Running transaction check
    ansible-server: ---> Package libtomcrypt.x86_64 0:1.17-26.el7 will be installed
    ansible-server: --> Processing Dependency: libtommath >= 0.42.0 for package: libtomcrypt-1.17-26.el7.x86_64
    ansible-server: --> Processing Dependency: libtommath.so.0()(64bit) for package: libtomcrypt-1.17-26.el7.x86_64
    ansible-server: ---> Package libyaml.x86_64 0:0.1.4-11.el7_0 will be installed
    ansible-server: ---> Package python-babel.noarch 0:0.9.6-8.el7 will be installed
    ansible-server: ---> Package python-backports-ssl_match_hostname.noarch 0:3.5.0.1-1.el7 will be installed
    ansible-server: --> Processing Dependency: python-ipaddress for package: python-backports-ssl_match_hostname-3.5.0.1-1.el7.noarch
    ansible-server: --> Processing Dependency: python-backports for package: python-backports-ssl_match_hostname-3.5.0.1-1.el7.noarch
    ansible-server: ---> Package python-markupsafe.x86_64 0:0.11-10.el7 will be installed
    ansible-server: ---> Package python2-cryptography.x86_64 0:1.7.2-2.el7 will be installed
    ansible-server: --> Processing Dependency: python-idna >= 2.0 for package: python2-cryptography-1.7.2-2.el7.x86_64
    ansible-server: --> Processing Dependency: python-cffi >= 1.4.1 for package: python2-cryptography-1.7.2-2.el7.x86_64
    ansible-server: --> Processing Dependency: python-enum34 for package: python2-cryptography-1.7.2-2.el7.x86_64
    ansible-server: ---> Package python2-pyasn1.noarch 0:0.1.9-7.el7 will be installed
    ansible-server: --> Running transaction check
    ansible-server: ---> Package libtommath.x86_64 0:0.42.0-6.el7 will be installed
    ansible-server: ---> Package python-backports.x86_64 0:1.0-8.el7 will be installed
    ansible-server: ---> Package python-cffi.x86_64 0:1.6.0-5.el7 will be installed
    ansible-server: --> Processing Dependency: python-pycparser for package: python-cffi-1.6.0-5.el7.x86_64
    ansible-server: ---> Package python-enum34.noarch 0:1.0.4-1.el7 will be installed
    ansible-server: ---> Package python-idna.noarch 0:2.4-1.el7 will be installed
    ansible-server: ---> Package python-ipaddress.noarch 0:1.0.16-2.el7 will be installed
    ansible-server: --> Running transaction check
    ansible-server: ---> Package python-pycparser.noarch 0:2.14-1.el7 will be installed
    ansible-server: --> Processing Dependency: python-ply for package: python-pycparser-2.14-1.el7.noarch
    ansible-server: --> Running transaction check
    ansible-server: ---> Package python-ply.noarch 0:3.4-11.el7 will be installed
    ansible-server: --> Finished Dependency Resolution
    ansible-server:
    ansible-server: Dependencies Resolved
    ansible-server:
    ansible-server: ================================================================================
    ansible-server:  Package                               Arch     Version          Repository
    ansible-server:                                                                            Size
    ansible-server: ================================================================================
    ansible-server: Installing:
    ansible-server:  ansible                               noarch   2.5.5-1.el7      epel     9.0 M
    ansible-server: Installing for dependencies:
    ansible-server:  PyYAML                                x86_64   3.10-11.el7      base     153 k
    ansible-server:  libtomcrypt                           x86_64   1.17-26.el7      extras   224 k
    ansible-server:  libtommath                            x86_64   0.42.0-6.el7     extras    36 k
    ansible-server:  libyaml                               x86_64   0.1.4-11.el7_0   base      55 k
    ansible-server:  python-babel                          noarch   0.9.6-8.el7      base     1.4 M
    ansible-server:  python-backports                      x86_64   1.0-8.el7        base     5.8 k
    ansible-server:  python-backports-ssl_match_hostname   noarch   3.5.0.1-1.el7    base      13 k
    ansible-server:  python-cffi                           x86_64   1.6.0-5.el7      base     218 k
    ansible-server:  python-enum34                         noarch   1.0.4-1.el7      base      52 k
    ansible-server:  python-httplib2                       noarch   0.9.2-1.el7      extras   115 k
    ansible-server:  python-idna                           noarch   2.4-1.el7        base      94 k
    ansible-server:  python-ipaddress                      noarch   1.0.16-2.el7     base      34 k
    ansible-server:  python-jinja2                         noarch   2.7.2-2.el7      base     515 k
    ansible-server:  python-keyczar                        noarch   0.71c-2.el7      epel     218 k
    ansible-server:  python-markupsafe                     x86_64   0.11-10.el7      base      25 k
    ansible-server:  python-paramiko                       noarch   2.1.1-4.el7      extras   268 k
    ansible-server:  python-ply                            noarch   3.4-11.el7       base     123 k
    ansible-server:  python-pycparser                      noarch   2.14-1.el7       base     104 k
    ansible-server:  python-setuptools                     noarch   0.9.8-7.el7      base     397 k
    ansible-server:  python-six                            noarch   1.9.0-2.el7      base      29 k
    ansible-server:  python2-crypto                        x86_64   2.6.1-15.el7     extras   477 k
    ansible-server:  python2-cryptography                  x86_64   1.7.2-2.el7      base     502 k
    ansible-server:  python2-jmespath                      noarch   0.9.0-3.el7      extras    39 k
    ansible-server:  python2-pyasn1                        noarch   0.1.9-7.el7      base     100 k
    ansible-server:  sshpass                               x86_64   1.06-2.el7       extras    21 k
    ansible-server:
    ansible-server: Transaction Summary
    ansible-server: ================================================================================
    ansible-server: Install  1 Package (+25 Dependent packages)
    ansible-server:
    ansible-server: Total download size: 14 M
    ansible-server: Installed size: 68 M
    ansible-server: Downloading packages:
    ansible-server: Public key for python-keyczar-0.71c-2.el7.noarch.rpm is not installed
    ansible-server: warning: /var/cache/yum/x86_64/7/epel/packages/python-keyczar-0.71c-2.el7.noarch.rpm: Header V3 RSA/SHA256 Signature, key ID 352c64e5: NOKEY
    ansible-server: --------------------------------------------------------------------------------
    ansible-server: Total                                              5.0 MB/s |  14 MB  00:02
    ansible-server: Retrieving key from file:///etc/pki/rpm-gpg/RPM-GPG-KEY-EPEL-7
    ansible-server: Importing GPG key 0x352C64E5:
    ansible-server:  Userid     : "Fedora EPEL (7) <epel@fedoraproject.org>"
    ansible-server:  Fingerprint: 91e9 7d7c 4a5e 96f1 7f3e 888f 6a2f aea2 352c 64e5
    ansible-server:  Package    : epel-release-7-11.noarch (@extras)
    ansible-server:  From       : /etc/pki/rpm-gpg/RPM-GPG-KEY-EPEL-7
    ansible-server: Running transaction check
    ansible-server: Running transaction test
    ansible-server: Transaction test succeeded
    ansible-server: Running transaction
    ansible-server:   Installing : python2-pyasn1-0.1.9-7.el7.noarch                           1/26
    ansible-server:
    ansible-server:   Installing : python-ipaddress-1.0.16-2.el7.noarch                        2/26
    ansible-server:
    ansible-server:   Installing : python-six-1.9.0-2.el7.noarch                               3/26
    ansible-server:
    ansible-server:   Installing : python-httplib2-0.9.2-1.el7.noarch                          4/26
    ansible-server:
    ansible-server:   Installing : python-enum34-1.0.4-1.el7.noarch                            5/26
    ansible-server:
    ansible-server:   Installing : libyaml-0.1.4-11.el7_0.x86_64                               6/26
    ansible-server:
    ansible-server:   Installing : PyYAML-3.10-11.el7.x86_64                                   7/26
    ansible-server:
    ansible-server:   Installing : libtommath-0.42.0-6.el7.x86_64                              8/26
    ansible-server:
    ansible-server:   Installing : libtomcrypt-1.17-26.el7.x86_64                              9/26
    ansible-server:
    ansible-server:   Installing : python2-crypto-2.6.1-15.el7.x86_64                         10/26
    ansible-server:
    ansible-server:   Installing : python-keyczar-0.71c-2.el7.noarch                          11/26
    ansible-server:
    ansible-server:   Installing : python-backports-1.0-8.el7.x86_64                          12/26
    ansible-server:
    ansible-server:   Installing : python-backports-ssl_match_hostname-3.5.0.1-1.el7.noarch   13/26
    ansible-server:
    ansible-server:   Installing : python-setuptools-0.9.8-7.el7.noarch                       14/26
    ansible-server:
    ansible-server:   Installing : python-babel-0.9.6-8.el7.noarch                            15/26
    ansible-server:
    ansible-server:   Installing : python-ply-3.4-11.el7.noarch                               16/26
    ansible-server:
    ansible-server:   Installing : python-pycparser-2.14-1.el7.noarch                         17/26
    ansible-server:
    ansible-server:   Installing : python-cffi-1.6.0-5.el7.x86_64                             18/26
    ansible-server:
    ansible-server:   Installing : python-markupsafe-0.11-10.el7.x86_64                       19/26
    ansible-server:
    ansible-server:   Installing : python-jinja2-2.7.2-2.el7.noarch                           20/26
    ansible-server:
    ansible-server:   Installing : python-idna-2.4-1.el7.noarch                               21/26
    ansible-server:
    ansible-server:   Installing : python2-cryptography-1.7.2-2.el7.x86_64                    22/26
    ansible-server:
    ansible-server:   Installing : python-paramiko-2.1.1-4.el7.noarch                         23/26
    ansible-server:
    ansible-server:   Installing : sshpass-1.06-2.el7.x86_64                                  24/26
    ansible-server:
    ansible-server:   Installing : python2-jmespath-0.9.0-3.el7.noarch                        25/26
    ansible-server:
    ansible-server:   Installing : ansible-2.5.5-1.el7.noarch                                 26/26
    ansible-server:
    ansible-server:   Verifying  : python-keyczar-0.71c-2.el7.noarch                           1/26
    ansible-server:
    ansible-server:   Verifying  : python-jinja2-2.7.2-2.el7.noarch                            2/26
    ansible-server:
    ansible-server:   Verifying  : python-backports-ssl_match_hostname-3.5.0.1-1.el7.noarch    3/26
    ansible-server:
    ansible-server:   Verifying  : python2-jmespath-0.9.0-3.el7.noarch                         4/26
    ansible-server:
    ansible-server:   Verifying  : sshpass-1.06-2.el7.x86_64                                   5/26
    ansible-server:
    ansible-server:   Verifying  : python2-cryptography-1.7.2-2.el7.x86_64                     6/26
    ansible-server:
    ansible-server:   Verifying  : python-setuptools-0.9.8-7.el7.noarch                        7/26
    ansible-server:
    ansible-server:   Verifying  : python-six-1.9.0-2.el7.noarch                               8/26
    ansible-server:
    ansible-server:   Verifying  : ansible-2.5.5-1.el7.noarch                                  9/26
    ansible-server:
    ansible-server:   Verifying  : python-idna-2.4-1.el7.noarch                               10/26
    ansible-server:
    ansible-server:   Verifying  : python-markupsafe-0.11-10.el7.x86_64                       11/26
    ansible-server:
    ansible-server:   Verifying  : python-ply-3.4-11.el7.noarch                               12/26
    ansible-server:
    ansible-server:   Verifying  : python-babel-0.9.6-8.el7.noarch                            13/26
    ansible-server:
    ansible-server:   Verifying  : python-paramiko-2.1.1-4.el7.noarch                         14/26
    ansible-server:
    ansible-server:   Verifying  : python-backports-1.0-8.el7.x86_64                          15/26
    ansible-server:
    ansible-server:   Verifying  : python-cffi-1.6.0-5.el7.x86_64                             16/26
    ansible-server:
    ansible-server:   Verifying  : libtommath-0.42.0-6.el7.x86_64                             17/26
    ansible-server:
    ansible-server:   Verifying  : python-pycparser-2.14-1.el7.noarch                         18/26
    ansible-server:
    ansible-server:   Verifying  : libyaml-0.1.4-11.el7_0.x86_64                              19/26
    ansible-server:
    ansible-server:   Verifying  : python2-crypto-2.6.1-15.el7.x86_64                         20/26
    ansible-server:
    ansible-server:   Verifying  : python-ipaddress-1.0.16-2.el7.noarch                       21/26
    ansible-server:
    ansible-server:   Verifying  : python-enum34-1.0.4-1.el7.noarch                           22/26
    ansible-server:
    ansible-server:   Verifying  : python-httplib2-0.9.2-1.el7.noarch                         23/26
    ansible-server:
    ansible-server:   Verifying  : python2-pyasn1-0.1.9-7.el7.noarch                          24/26
    ansible-server:
    ansible-server:   Verifying  : PyYAML-3.10-11.el7.x86_64                                  25/26
    ansible-server:
    ansible-server:   Verifying  : libtomcrypt-1.17-26.el7.x86_64                             26/26
    ansible-server:
    ansible-server:
    ansible-server: Installed:
    ansible-server:   ansible.noarch 0:2.5.5-1.el7
    ansible-server:
    ansible-server: Dependency Installed:
    ansible-server:   PyYAML.x86_64 0:3.10-11.el7
    ansible-server:   libtomcrypt.x86_64 0:1.17-26.el7
    ansible-server:   libtommath.x86_64 0:0.42.0-6.el7
    ansible-server:   libyaml.x86_64 0:0.1.4-11.el7_0
    ansible-server:   python-babel.noarch 0:0.9.6-8.el7
    ansible-server:   python-backports.x86_64 0:1.0-8.el7
    ansible-server:   python-backports-ssl_match_hostname.noarch 0:3.5.0.1-1.el7
    ansible-server:   python-cffi.x86_64 0:1.6.0-5.el7
    ansible-server:   python-enum34.noarch 0:1.0.4-1.el7
    ansible-server:   python-httplib2.noarch 0:0.9.2-1.el7
    ansible-server:   python-idna.noarch 0:2.4-1.el7
    ansible-server:   python-ipaddress.noarch 0:1.0.16-2.el7
    ansible-server:   python-jinja2.noarch 0:2.7.2-2.el7
    ansible-server:   python-keyczar.noarch 0:0.71c-2.el7
    ansible-server:   python-markupsafe.x86_64 0:0.11-10.el7
    ansible-server:   python-paramiko.noarch 0:2.1.1-4.el7
    ansible-server:   python-ply.noarch 0:3.4-11.el7
    ansible-server:   python-pycparser.noarch 0:2.14-1.el7
    ansible-server:   python-setuptools.noarch 0:0.9.8-7.el7
    ansible-server:   python-six.noarch 0:1.9.0-2.el7
    ansible-server:   python2-crypto.x86_64 0:2.6.1-15.el7
    ansible-server:   python2-cryptography.x86_64 0:1.7.2-2.el7
    ansible-server:   python2-jmespath.noarch 0:0.9.0-3.el7
    ansible-server:   python2-pyasn1.noarch 0:0.1.9-7.el7
    ansible-server:   sshpass.x86_64 0:1.06-2.el7
    ansible-server:
    ansible-server: Complete!
==> ansible-server: Running provisioner: file...
==> ansible-server: Running provisioner: shell...
    ansible-server: Running: inline script
    ansible-server:  [WARNING]: provided hosts list is empty, only localhost is available. Note
    ansible-server: that the implicit localhost does not match 'all'
    ansible-server:
    ansible-server: PLAY [Setup for the Ansible's Environment] **************************************
    ansible-server:
    ansible-server: TASK [Add "/etc/ansible/hosts"] ************************************************
    ansible-server: changed: [localhost]
    ansible-server:
    ansible-server: TASK [Create vim env's directories & files] ************************************
    ansible-server: changed: [localhost] => (item=mkdir -p /home/vagrant/.vim/autoload /home/vagrant/.vim/bundle)
    ansible-server: changed: [localhost] => (item=touch /home/vagrant/.vimrc)
    ansible-server: changed: [localhost] => (item=touch /home/vagrant/.bashrc)
    ansible-server:
    ansible-server: TASK [Install vim-enhanced] ****************************************************
    ansible-server:  [WARNING]: Consider using the file module with state=directory rather than
    ansible-server: running mkdir.  If you need to use command because file is insufficient you can
    ansible-server: add warn=False to this command task or set command_warnings=False in
    ansible-server: ansible.cfg to get rid of this message.
    ansible-server:  [WARNING]: Consider using the file module with state=touch rather than running
    ansible-server: touch.  If you need to use command because file is insufficient you can add
    ansible-server: warn=False to this command task or set command_warnings=False in ansible.cfg to
    ansible-server: get rid of this message.
    ansible-server: changed: [localhost]
    ansible-server:
    ansible-server: TASK [Install git] *************************************************************
    ansible-server: changed: [localhost]
    ansible-server:
    ansible-server: TASK [Download pathogen.vim] ***************************************************
    ansible-server: changed: [localhost]
    ansible-server:
    ansible-server: TASK [Git clone vim-ansible-yaml] **********************************************
    ansible-server:  [WARNING]: Consider using the get_url or uri module rather than running curl.
    ansible-server: If you need to use command because get_url or uri is insufficient you can add
    ansible-server: warn=False to this command task or set command_warnings=False in ansible.cfg to
    ansible-server: get rid of this message.
    ansible-server: changed: [localhost]
    ansible-server:
    ansible-server: TASK [Configure vimrc] *********************************************************
    ansible-server: changed: [localhost] => (item=set number)
    ansible-server: changed: [localhost] => (item=execute pathogen#infect())
    ansible-server: changed: [localhost] => (item=syntax on)
    ansible-server:
    ansible-server: TASK [Configure Bashrc] ********************************************************
    ansible-server: changed: [localhost] => (item=alias ans='ansible')
    ansible-server: changed: [localhost] => (item=alias anp='ansible-playbook')
    ansible-server:
    ansible-server: PLAY RECAP *********************************************************************
    ansible-server: localhost                  : ok=8    changed=8    unreachable=0    failed=0
==> ansible-server: Running provisioner: file...
==> ansible-server: Running provisioner: shell...
    ansible-server: Running: inline script
    ansible-server:
    ansible-server: PLAY [Create known_hosts between server and nodes] *****************************
    ansible-server:
    ansible-server: TASK [ssh-keyscan for known_hosts file] *****************************************
    ansible-server: changed: [192.168.1.101]
    ansible-server:
    ansible-server: TASK [input key] ***************************************************************
    ansible-server: changed: [192.168.1.101] => (item=192.168.1.101 ecdsa-sha2-nistp256 AAAAE2VjZHNhLXNoYTItbmlzdHAyNTYAAAAIbmlzdHAyNTYAAABBBNx7YmldRkhjQfgZotffcj3IahTE1TneC0HIVuyCMX1XHrjzA0Ls/OQcIIlEP8rIb+f921pI20BRpyeiuqp+T4w=)
    ansible-server:
    ansible-server: PLAY [Create known_hosts between server and nodes] *****************************
    ansible-server:
    ansible-server: TASK [ssh-keyscan for known_hosts file] *****************************************
    ansible-server: changed: [192.168.1.102]
    ansible-server:
    ansible-server: TASK [input key] ***************************************************************
    ansible-server: changed: [192.168.1.102] => (item=192.168.1.102 ecdsa-sha2-nistp256 AAAAE2VjZHNhLXNoYTItbmlzdHAyNTYAAAAIbmlzdHAyNTYAAABBBDKV0W75dq6Eqj9OMv7IaU+5TKbKz+noqHyQySK7Ja42kU3m+IJTWgDiW77JeRmIxuuCUXAZzhmaFvh4Gjm0ZKs=)
    ansible-server:
    ansible-server: PLAY [Create known_hosts between server and nodes] *****************************
    ansible-server:
    ansible-server: TASK [ssh-keyscan for known_hosts file] *****************************************
    ansible-server: changed: [192.168.1.103]
    ansible-server:
    ansible-server: TASK [input key] ***************************************************************
    ansible-server: changed: [192.168.1.103] => (item=192.168.1.103 ecdsa-sha2-nistp256 AAAAE2VjZHNhLXNoYTItbmlzdHAyNTYAAAAIbmlzdHAyNTYAAABBBPPj1406fPGW0nzkeRCvYXiQNyvbyXmdl/mQ/FrVu7BObUfT0rSRW4bh4PrFslt7iuH54jS4wwZB590PX203pkU=)
    ansible-server:
    ansible-server: PLAY [Create known_hosts between server and nodes] *****************************
    ansible-server:
    ansible-server: TASK [ssh-keyscan for known_hosts file] *****************************************
    ansible-server: changed: [192.168.1.104]
    ansible-server:
    ansible-server: TASK [input key] ***************************************************************
    ansible-server: changed: [192.168.1.104] => (item=192.168.1.104 ecdsa-sha2-nistp256 AAAAE2VjZHNhLXNoYTItbmlzdHAyNTYAAAAIbmlzdHAyNTYAAABBBL4vxyEpmLSHsxc1mABPSvV7+YJMXi1ciHHx5s7D6qGlK4qdx6ibZQ3jcjJRep0/DMmd97TeY+K7b3EHJ+hqYZ8=)
    ansible-server:
    ansible-server: PLAY [Create known_hosts between server and nodes] *****************************
    ansible-server:
    ansible-server: TASK [ssh-keyscan for known_hosts file] *****************************************
    ansible-server: changed: [192.168.1.105]
    ansible-server:
    ansible-server: TASK [input key] ***************************************************************
    ansible-server: changed: [192.168.1.105] => (item=192.168.1.105 ecdsa-sha2-nistp256 AAAAE2VjZHNhLXNoYTItbmlzdHAyNTYAAAAIbmlzdHAyNTYAAABBBO+xMImKjbbkBfM5noPunbqAVa0TBo8xvTUwBJXDWXFcf6fUVt9FzNYyb3lYRAZxbZpHKlfwf9Bi8Mf+yz6cKCg=)
    ansible-server:
    ansible-server: PLAY [Create known_hosts between server and nodes] *****************************
    ansible-server:
    ansible-server: TASK [ssh-keyscan for known_hosts file] *****************************************
    ansible-server: changed: [192.168.1.201]
    ansible-server:
    ansible-server: TASK [input key] ***************************************************************
    ansible-server: changed: [192.168.1.201] => (item=192.168.1.201 ecdsa-sha2-nistp256 AAAAE2VjZHNhLXNoYTItbmlzdHAyNTYAAAAIbmlzdHAyNTYAAABBBOrJZV8usJu+wENs49pR6e3C0yRLRYH3CGi2Oossd239r2q2jtbnHRJ5e0Y80eaT/yVMXNkUkslxLv8AV5Xed5Q=)
    ansible-server:
    ansible-server: PLAY [Create known_hosts between server and nodes] *****************************
    ansible-server:
    ansible-server: TASK [ssh-keyscan for known_hosts file] *****************************************
    ansible-server: changed: [192.168.1.202]
    ansible-server:
    ansible-server: TASK [input key] ***************************************************************
    ansible-server: changed: [192.168.1.202] => (item=192.168.1.202 ecdsa-sha2-nistp256 AAAAE2VjZHNhLXNoYTItbmlzdHAyNTYAAAAIbmlzdHAyNTYAAABBBEP4LRdESGBiz5Vvdz+HbplYIFtcbiNJVoTqcDWjIEYQ7P2G63GfL2IJM349nXJxPE7tep+jvrDfFk3bJw+F5Ww=)
    ansible-server:
    ansible-server: PLAY [Create known_hosts between server and nodes] *****************************
    ansible-server:
    ansible-server: TASK [ssh-keyscan for known_hosts file] *****************************************
    ansible-server: changed: [192.168.1.203]
    ansible-server:
    ansible-server: TASK [input key] ***************************************************************
    ansible-server: changed: [192.168.1.203] => (item=192.168.1.203 ecdsa-sha2-nistp256 AAAAE2VjZHNhLXNoYTItbmlzdHAyNTYAAAAIbmlzdHAyNTYAAABBBM3kFxEMjFWS99akUdgAANfJj+h0AG4fxTszW6sx4DSIABlCTZJ3mShhYe42crA2yXumJSWAqfYUCZCWZusg6R4=)
    ansible-server:
    ansible-server: PLAY [Create known_hosts between server and nodes] *****************************
    ansible-server:
    ansible-server: TASK [ssh-keyscan for known_hosts file] *****************************************
    ansible-server: changed: [192.168.1.204]
    ansible-server:
    ansible-server: TASK [input key] ***************************************************************
    ansible-server: changed: [192.168.1.204] => (item=192.168.1.204 ecdsa-sha2-nistp256 AAAAE2VjZHNhLXNoYTItbmlzdHAyNTYAAAAIbmlzdHAyNTYAAABBBPqRZQoImPytStDGmXeCQ5jLEei7Cwql385/684l0sptFdy05u8TC1ESVsZO4dNjasJiz2hchvLDhSs0K9PfENY=)
    ansible-server:
    ansible-server: PLAY [Create known_hosts between server and nodes] *****************************
    ansible-server:
    ansible-server: TASK [ssh-keyscan for known_hosts file] *****************************************
    ansible-server: changed: [192.168.1.205]
    ansible-server:
    ansible-server: TASK [input key] ***************************************************************
    ansible-server: changed: [192.168.1.205] => (item=192.168.1.205 ecdsa-sha2-nistp256 AAAAE2VjZHNhLXNoYTItbmlzdHAyNTYAAAAIbmlzdHAyNTYAAABBBAN3NV4Z7jcy85iya14mWRaE5OSzBGlpjM81bTBUOCpzKwfcpnbLk6z1CoPKtJoZSAkkI10HhpZrAwKQO4GWdf4=)
    ansible-server:
    ansible-server: PLAY [Create authorized_keys between server and nodes] *************************
    ansible-server:
    ansible-server: TASK [ssh-keygen for authorized_keys file] *************************************
    ansible-server: changed: [192.168.1.101]
    ansible-server:
    ansible-server: TASK [input key for each node] *************************************************
    ansible-server: changed: [192.168.1.101]
    ansible-server: changed: [192.168.1.103]
    ansible-server: changed: [192.168.1.105]
    ansible-server: changed: [192.168.1.102]
    ansible-server: changed: [192.168.1.104]
    ansible-server: changed: [192.168.1.201]
    ansible-server: changed: [192.168.1.202]
    ansible-server: changed: [192.168.1.205]
    ansible-server: changed: [192.168.1.204]
    ansible-server: changed: [192.168.1.203]
    ansible-server:
    ansible-server: PLAY RECAP *********************************************************************
    ansible-server: 192.168.1.101              : ok=4    changed=4    unreachable=0    failed=0
    ansible-server: 192.168.1.102              : ok=3    changed=3    unreachable=0    failed=0
    ansible-server: 192.168.1.103              : ok=3    changed=3    unreachable=0    failed=0
    ansible-server: 192.168.1.104              : ok=3    changed=3    unreachable=0    failed=0
    ansible-server: 192.168.1.105              : ok=3    changed=3    unreachable=0    failed=0
    ansible-server: 192.168.1.201              : ok=3    changed=3    unreachable=0    failed=0
    ansible-server: 192.168.1.202              : ok=3    changed=3    unreachable=0    failed=0
    ansible-server: 192.168.1.203              : ok=3    changed=3    unreachable=0    failed=0
    ansible-server: 192.168.1.204              : ok=3    changed=3    unreachable=0    failed=0
    ansible-server: 192.168.1.205              : ok=3    changed=3    unreachable=0    failed=0

