c:\HashiCorp>vagrant up
Bringing machine 'ansible-vyos01' up with 'virtualbox' provider...
Bringing machine 'ansible-vyos02' up with 'virtualbox' provider...
Bringing machine 'ansible-server' up with 'virtualbox' provider...
==> ansible-vyos01: Importing base box 'sysnet4admin/VyOS'...
==> ansible-vyos01: Matching MAC address for NAT networking...
==> ansible-vyos01: Checking if box 'sysnet4admin/VyOS' is up to date...
==> ansible-vyos01: Setting the name of the VM: Ansible-VyOS01(github_SysNet4Admin)
==> ansible-vyos01: Clearing any previously set network interfaces...
==> ansible-vyos01: Preparing network interfaces based on configuration...
    ansible-vyos01: Adapter 1: nat
    ansible-vyos01: Adapter 2: bridged
    ansible-vyos01: Adapter 3: intnet
    ansible-vyos01: Adapter 4: intnet
==> ansible-vyos01: Forwarding ports...
    ansible-vyos01: 22 (guest) => 60051 (host) (adapter 1)
==> ansible-vyos01: Booting VM...
==> ansible-vyos01: Waiting for machine to boot. This may take a few minutes...
    ansible-vyos01: SSH address: 127.0.0.1:60051
    ansible-vyos01: SSH username: vagrant
    ansible-vyos01: SSH auth method: private key
    ansible-vyos01:
    ansible-vyos01: Vagrant insecure key detected. Vagrant will automatically replace
    ansible-vyos01: this with a newly generated keypair for better security.
    ansible-vyos01:
    ansible-vyos01: Inserting generated public key within guest...
    ansible-vyos01: Removing insecure key from the guest if it's present...
    ansible-vyos01: Key inserted! Disconnecting and reconnecting using new SSH key...
==> ansible-vyos01: Machine booted and ready!
==> ansible-vyos01: Checking for guest additions in VM...
    ansible-vyos01: No guest additions were detected on the base box for this VM! Guest
    ansible-vyos01: additions are required for forwarded ports, shared folders, host only
    ansible-vyos01: networking, and more. If SSH fails on this machine, please install
    ansible-vyos01: the guest additions and repackage the box to continue.
    ansible-vyos01:
    ansible-vyos01: This is not an error message; everything may continue to work properly,
    ansible-vyos01: in which case you may ignore this message.
==> ansible-vyos01: Setting hostname...
==> ansible-vyos01: Configuring and enabling network interfaces...
==> ansible-vyos02: Importing base box 'sysnet4admin/VyOS'...
==> ansible-vyos02: Matching MAC address for NAT networking...
==> ansible-vyos02: Checking if box 'sysnet4admin/VyOS' is up to date...
==> ansible-vyos02: Setting the name of the VM: Ansible-VyOS02(github_SysNet4Admin)
==> ansible-vyos02: Clearing any previously set network interfaces...
==> ansible-vyos02: Preparing network interfaces based on configuration...
    ansible-vyos02: Adapter 1: nat
    ansible-vyos02: Adapter 2: bridged
    ansible-vyos02: Adapter 3: intnet
    ansible-vyos02: Adapter 4: intnet
==> ansible-vyos02: Forwarding ports...
    ansible-vyos02: 22 (guest) => 60052 (host) (adapter 1)
==> ansible-vyos02: Booting VM...
==> ansible-vyos02: Waiting for machine to boot. This may take a few minutes...
    ansible-vyos02: SSH address: 127.0.0.1:60052
    ansible-vyos02: SSH username: vagrant
    ansible-vyos02: SSH auth method: private key
    ansible-vyos02:
    ansible-vyos02: Vagrant insecure key detected. Vagrant will automatically replace
    ansible-vyos02: this with a newly generated keypair for better security.
    ansible-vyos02:
    ansible-vyos02: Inserting generated public key within guest...
    ansible-vyos02: Removing insecure key from the guest if it's present...
    ansible-vyos02: Key inserted! Disconnecting and reconnecting using new SSH key...
==> ansible-vyos02: Machine booted and ready!
==> ansible-vyos02: Checking for guest additions in VM...
    ansible-vyos02: No guest additions were detected on the base box for this VM! Guest
    ansible-vyos02: additions are required for forwarded ports, shared folders, host only
    ansible-vyos02: networking, and more. If SSH fails on this machine, please install
    ansible-vyos02: the guest additions and repackage the box to continue.
    ansible-vyos02:
    ansible-vyos02: This is not an error message; everything may continue to work properly,
    ansible-vyos02: in which case you may ignore this message.
==> ansible-vyos02: Setting hostname...
==> ansible-vyos02: Configuring and enabling network interfaces...
==> ansible-server: Importing base box 'centos/7'...
==> ansible-server: Matching MAC address for NAT networking...
==> ansible-server: Checking if box 'centos/7' is up to date...
==> ansible-server: A newer version of the box 'centos/7' for provider 'virtualbox' is
==> ansible-server: available! You currently have version '1803.01'. The latest is version
==> ansible-server: '1804.02'. Run `vagrant box update` to update.
==> ansible-server: Setting the name of the VM: Ansible-Server(github_SysNet4Admin)
==> ansible-server: Clearing any previously set network interfaces...
==> ansible-server: Preparing network interfaces based on configuration...
    ansible-server: Adapter 1: nat
    ansible-server: Adapter 2: bridged
==> ansible-server: Forwarding ports...
    ansible-server: 22 (guest) => 60010 (host) (adapter 1)
==> ansible-server: Booting VM...
==> ansible-server: Waiting for machine to boot. This may take a few minutes...
    ansible-server: SSH address: 127.0.0.1:60010
    ansible-server: SSH username: vagrant
    ansible-server: SSH auth method: private key
    ansible-server: Warning: Connection aborted. Retrying...
    ansible-server: Warning: Connection reset. Retrying...
    ansible-server: Warning: Connection aborted. Retrying...
    ansible-server: Warning: Connection reset. Retrying...
    ansible-server: Warning: Connection aborted. Retrying...
    ansible-server:
    ansible-server: Vagrant insecure key detected. Vagrant will automatically replace
    ansible-server: this with a newly generated keypair for better security.
    ansible-server:
    ansible-server: Inserting generated public key within guest...
    ansible-server: Removing insecure key from the guest if it's present...
    ansible-server: Key inserted! Disconnecting and reconnecting using new SSH key...
==> ansible-server: Machine booted and ready!
[ansible-server] No installation found.
Loaded plugins: fastestmirror
Determining fastest mirrors
 * base: ftp.kaist.ac.kr
 * extras: ftp.kaist.ac.kr
 * updates: ftp.kaist.ac.kr
No package kernel-devel-3.10.0-693.21.1.el7.x86_64 available.
Package 1:make-3.82-23.el7.x86_64 already installed and latest version
Package bzip2-1.0.6-13.el7.x86_64 already installed and latest version
Resolving Dependencies
--> Running transaction check
---> Package binutils.x86_64 0:2.25.1-32.base.el7_4.2 will be updated
---> Package binutils.x86_64 0:2.27-27.base.el7 will be an update
---> Package gcc.x86_64 0:4.8.5-28.el7_5.1 will be installed
--> Processing Dependency: libgomp = 4.8.5-28.el7_5.1 for package: gcc-4.8.5-28.el7_5.1.x86_64
--> Processing Dependency: cpp = 4.8.5-28.el7_5.1 for package: gcc-4.8.5-28.el7_5.1.x86_64
--> Processing Dependency: libgcc >= 4.8.5-28.el7_5.1 for package: gcc-4.8.5-28.el7_5.1.x86_64
--> Processing Dependency: glibc-devel >= 2.2.90-12 for package: gcc-4.8.5-28.el7_5.1.x86_64
--> Processing Dependency: libmpfr.so.4()(64bit) for package: gcc-4.8.5-28.el7_5.1.x86_64
--> Processing Dependency: libmpc.so.3()(64bit) for package: gcc-4.8.5-28.el7_5.1.x86_64
---> Package perl.x86_64 4:5.16.3-292.el7 will be installed
--> Processing Dependency: perl-libs = 4:5.16.3-292.el7 for package: 4:perl-5.16.3-292.el7.x86_64
--> Processing Dependency: perl(Socket) >= 1.3 for package: 4:perl-5.16.3-292.el7.x86_64
--> Processing Dependency: perl(Scalar::Util) >= 1.10 for package: 4:perl-5.16.3-292.el7.x86_64
--> Processing Dependency: perl-macros for package: 4:perl-5.16.3-292.el7.x86_64
--> Processing Dependency: perl-libs for package: 4:perl-5.16.3-292.el7.x86_64
--> Processing Dependency: perl(threads::shared) for package: 4:perl-5.16.3-292.el7.x86_64
--> Processing Dependency: perl(threads) for package: 4:perl-5.16.3-292.el7.x86_64
--> Processing Dependency: perl(constant) for package: 4:perl-5.16.3-292.el7.x86_64
--> Processing Dependency: perl(Time::Local) for package: 4:perl-5.16.3-292.el7.x86_64
--> Processing Dependency: perl(Time::HiRes) for package: 4:perl-5.16.3-292.el7.x86_64
--> Processing Dependency: perl(Storable) for package: 4:perl-5.16.3-292.el7.x86_64
--> Processing Dependency: perl(Socket) for package: 4:perl-5.16.3-292.el7.x86_64
--> Processing Dependency: perl(Scalar::Util) for package: 4:perl-5.16.3-292.el7.x86_64
--> Processing Dependency: perl(Pod::Simple::XHTML) for package: 4:perl-5.16.3-292.el7.x86_64
--> Processing Dependency: perl(Pod::Simple::Search) for package: 4:perl-5.16.3-292.el7.x86_64
--> Processing Dependency: perl(Getopt::Long) for package: 4:perl-5.16.3-292.el7.x86_64
--> Processing Dependency: perl(Filter::Util::Call) for package: 4:perl-5.16.3-292.el7.x86_64
--> Processing Dependency: perl(File::Temp) for package: 4:perl-5.16.3-292.el7.x86_64
--> Processing Dependency: perl(File::Spec::Unix) for package: 4:perl-5.16.3-292.el7.x86_64
--> Processing Dependency: perl(File::Spec::Functions) for package: 4:perl-5.16.3-292.el7.x86_64
--> Processing Dependency: perl(File::Spec) for package: 4:perl-5.16.3-292.el7.x86_64
--> Processing Dependency: perl(File::Path) for package: 4:perl-5.16.3-292.el7.x86_64
--> Processing Dependency: perl(Exporter) for package: 4:perl-5.16.3-292.el7.x86_64
--> Processing Dependency: perl(Cwd) for package: 4:perl-5.16.3-292.el7.x86_64
--> Processing Dependency: perl(Carp) for package: 4:perl-5.16.3-292.el7.x86_64
--> Processing Dependency: libperl.so()(64bit) for package: 4:perl-5.16.3-292.el7.x86_64
--> Running transaction check
---> Package cpp.x86_64 0:4.8.5-28.el7_5.1 will be installed
---> Package glibc-devel.x86_64 0:2.17-222.el7 will be installed
--> Processing Dependency: glibc-headers = 2.17-222.el7 for package: glibc-devel-2.17-222.el7.x86_64
--> Processing Dependency: glibc = 2.17-222.el7 for package: glibc-devel-2.17-222.el7.x86_64
--> Processing Dependency: glibc-headers for package: glibc-devel-2.17-222.el7.x86_64
---> Package libgcc.x86_64 0:4.8.5-16.el7_4.2 will be updated
---> Package libgcc.x86_64 0:4.8.5-28.el7_5.1 will be an update
---> Package libgomp.x86_64 0:4.8.5-16.el7_4.2 will be updated
---> Package libgomp.x86_64 0:4.8.5-28.el7_5.1 will be an update
---> Package libmpc.x86_64 0:1.0.1-3.el7 will be installed
---> Package mpfr.x86_64 0:3.1.1-4.el7 will be installed
---> Package perl-Carp.noarch 0:1.26-244.el7 will be installed
---> Package perl-Exporter.noarch 0:5.68-3.el7 will be installed
---> Package perl-File-Path.noarch 0:2.09-2.el7 will be installed
---> Package perl-File-Temp.noarch 0:0.23.01-3.el7 will be installed
---> Package perl-Filter.x86_64 0:1.49-3.el7 will be installed
---> Package perl-Getopt-Long.noarch 0:2.40-3.el7 will be installed
--> Processing Dependency: perl(Pod::Usage) >= 1.14 for package: perl-Getopt-Long-2.40-3.el7.noarch
--> Processing Dependency: perl(Text::ParseWords) for package: perl-Getopt-Long-2.40-3.el7.noarch
---> Package perl-PathTools.x86_64 0:3.40-5.el7 will be installed
---> Package perl-Pod-Simple.noarch 1:3.28-4.el7 will be installed
--> Processing Dependency: perl(Pod::Escapes) >= 1.04 for package: 1:perl-Pod-Simple-3.28-4.el7.noarch
--> Processing Dependency: perl(Encode) for package: 1:perl-Pod-Simple-3.28-4.el7.noarch
---> Package perl-Scalar-List-Utils.x86_64 0:1.27-248.el7 will be installed
---> Package perl-Socket.x86_64 0:2.010-4.el7 will be installed
---> Package perl-Storable.x86_64 0:2.45-3.el7 will be installed
---> Package perl-Time-HiRes.x86_64 4:1.9725-3.el7 will be installed
---> Package perl-Time-Local.noarch 0:1.2300-2.el7 will be installed
---> Package perl-constant.noarch 0:1.27-2.el7 will be installed
---> Package perl-libs.x86_64 4:5.16.3-292.el7 will be installed
---> Package perl-macros.x86_64 4:5.16.3-292.el7 will be installed
---> Package perl-threads.x86_64 0:1.87-4.el7 will be installed
---> Package perl-threads-shared.x86_64 0:1.43-6.el7 will be installed
--> Running transaction check
---> Package glibc.x86_64 0:2.17-196.el7_4.2 will be updated
--> Processing Dependency: glibc = 2.17-196.el7_4.2 for package: glibc-common-2.17-196.el7_4.2.x86_64
---> Package glibc.x86_64 0:2.17-222.el7 will be an update
---> Package glibc-headers.x86_64 0:2.17-222.el7 will be installed
--> Processing Dependency: kernel-headers >= 2.2.1 for package: glibc-headers-2.17-222.el7.x86_64
--> Processing Dependency: kernel-headers for package: glibc-headers-2.17-222.el7.x86_64
---> Package perl-Encode.x86_64 0:2.51-7.el7 will be installed
---> Package perl-Pod-Escapes.noarch 1:1.04-292.el7 will be installed
---> Package perl-Pod-Usage.noarch 0:1.63-3.el7 will be installed
--> Processing Dependency: perl(Pod::Text) >= 3.15 for package: perl-Pod-Usage-1.63-3.el7.noarch
--> Processing Dependency: perl-Pod-Perldoc for package: perl-Pod-Usage-1.63-3.el7.noarch
---> Package perl-Text-ParseWords.noarch 0:3.29-4.el7 will be installed
--> Running transaction check
---> Package glibc-common.x86_64 0:2.17-196.el7_4.2 will be updated
---> Package glibc-common.x86_64 0:2.17-222.el7 will be an update
---> Package kernel-headers.x86_64 0:3.10.0-862.2.3.el7 will be installed
---> Package perl-Pod-Perldoc.noarch 0:3.20-4.el7 will be installed
--> Processing Dependency: perl(parent) for package: perl-Pod-Perldoc-3.20-4.el7.noarch
--> Processing Dependency: perl(HTTP::Tiny) for package: perl-Pod-Perldoc-3.20-4.el7.noarch
---> Package perl-podlators.noarch 0:2.5.1-3.el7 will be installed
--> Running transaction check
---> Package perl-HTTP-Tiny.noarch 0:0.033-3.el7 will be installed
---> Package perl-parent.noarch 1:0.225-244.el7 will be installed
--> Finished Dependency Resolution

Dependencies Resolved

================================================================================
 Package                    Arch       Version                Repository   Size
================================================================================
Installing:
 gcc                        x86_64     4.8.5-28.el7_5.1       updates      16 M
 perl                       x86_64     4:5.16.3-292.el7       base        8.0 M
Updating:
 binutils                   x86_64     2.27-27.base.el7       base        5.9 M
Installing for dependencies:
 cpp                        x86_64     4.8.5-28.el7_5.1       updates     5.9 M
 glibc-devel                x86_64     2.17-222.el7           base        1.1 M
 glibc-headers              x86_64     2.17-222.el7           base        678 k
 kernel-headers             x86_64     3.10.0-862.2.3.el7     updates     7.1 M
 libmpc                     x86_64     1.0.1-3.el7            base         51 k
 mpfr                       x86_64     3.1.1-4.el7            base        203 k
 perl-Carp                  noarch     1.26-244.el7           base         19 k
 perl-Encode                x86_64     2.51-7.el7             base        1.5 M
 perl-Exporter              noarch     5.68-3.el7             base         28 k
 perl-File-Path             noarch     2.09-2.el7             base         26 k
 perl-File-Temp             noarch     0.23.01-3.el7          base         56 k
 perl-Filter                x86_64     1.49-3.el7             base         76 k
 perl-Getopt-Long           noarch     2.40-3.el7             base         56 k
 perl-HTTP-Tiny             noarch     0.033-3.el7            base         38 k
 perl-PathTools             x86_64     3.40-5.el7             base         82 k
 perl-Pod-Escapes           noarch     1:1.04-292.el7         base         51 k
 perl-Pod-Perldoc           noarch     3.20-4.el7             base         87 k
 perl-Pod-Simple            noarch     1:3.28-4.el7           base        216 k
 perl-Pod-Usage             noarch     1.63-3.el7             base         27 k
 perl-Scalar-List-Utils     x86_64     1.27-248.el7           base         36 k
 perl-Socket                x86_64     2.010-4.el7            base         49 k
 perl-Storable              x86_64     2.45-3.el7             base         77 k
 perl-Text-ParseWords       noarch     3.29-4.el7             base         14 k
 perl-Time-HiRes            x86_64     4:1.9725-3.el7         base         45 k
 perl-Time-Local            noarch     1.2300-2.el7           base         24 k
 perl-constant              noarch     1.27-2.el7             base         19 k
 perl-libs                  x86_64     4:5.16.3-292.el7       base        688 k
 perl-macros                x86_64     4:5.16.3-292.el7       base         43 k
 perl-parent                noarch     1:0.225-244.el7        base         12 k
 perl-podlators             noarch     2.5.1-3.el7            base        112 k
 perl-threads               x86_64     1.87-4.el7             base         49 k
 perl-threads-shared        x86_64     1.43-6.el7             base         39 k
Updating for dependencies:
 glibc                      x86_64     2.17-222.el7           base        3.6 M
 glibc-common               x86_64     2.17-222.el7           base         11 M
 libgcc                     x86_64     4.8.5-28.el7_5.1       updates     101 k
 libgomp                    x86_64     4.8.5-28.el7_5.1       updates     156 k

Transaction Summary
================================================================================
Install  2 Packages (+32 Dependent packages)
Upgrade  1 Package  (+ 4 Dependent packages)

Total download size: 64 M
Downloading packages:
No Presto metadata available for base
Delta RPMs reduced 257 k of updates to 91 k (64% saved)
/usr/share/doc/libgcc-4.8.5/COPYING: No such file or directory
cannot reconstruct rpm from disk files
/usr/share/doc/libgomp-4.8.5/ChangeLog.bz2: No such file or directory
cannot reconstruct rpm from disk files
Public key for binutils-2.27-27.base.el7.x86_64.rpm is not installed
warning: /var/cache/yum/x86_64/7/base/packages/binutils-2.27-27.base.el7.x86_64.rpm: Header V3 RSA/SHA256 Signature, key ID f4a80eb5: NOKEY
Public key for cpp-4.8.5-28.el7_5.1.x86_64.rpm is not installed
Some delta RPMs failed to download or rebuild. Retrying..
Public key for libgcc-4.8.5-28.el7_5.1.x86_64.rpm is not installed
--------------------------------------------------------------------------------
Total                                              7.7 MB/s |  64 MB  00:08
Retrieving key from file:///etc/pki/rpm-gpg/RPM-GPG-KEY-CentOS-7
Importing GPG key 0xF4A80EB5:
 Userid     : "CentOS-7 Key (CentOS 7 Official Signing Key) <security@centos.org>"
 Fingerprint: 6341 ab27 53d7 8a78 a7c2 7bb1 24c6 a8a7 f4a8 0eb5
 Package    : centos-release-7-4.1708.el7.centos.x86_64 (@anaconda)
 From       : /etc/pki/rpm-gpg/RPM-GPG-KEY-CentOS-7
Running transaction check
Running transaction test
Transaction test succeeded
Running transaction
  Updating   : libgcc-4.8.5-28.el7_5.1.x86_64                              1/44
  Updating   : glibc-common-2.17-222.el7.x86_64                            2/44
  Updating   : glibc-2.17-222.el7.x86_64                                   3/44
  Installing : mpfr-3.1.1-4.el7.x86_64                                     4/44
  Installing : libmpc-1.0.1-3.el7.x86_64                                   5/44
  Installing : cpp-4.8.5-28.el7_5.1.x86_64                                 6/44
  Installing : 1:perl-parent-0.225-244.el7.noarch                          7/44
  Installing : perl-HTTP-Tiny-0.033-3.el7.noarch                           8/44
  Installing : perl-podlators-2.5.1-3.el7.noarch                           9/44
  Installing : perl-Pod-Perldoc-3.20-4.el7.noarch                         10/44
  Installing : perl-Text-ParseWords-3.29-4.el7.noarch                     11/44
  Installing : 1:perl-Pod-Escapes-1.04-292.el7.noarch                     12/44
  Installing : perl-Encode-2.51-7.el7.x86_64                              13/44
  Installing : perl-Pod-Usage-1.63-3.el7.noarch                           14/44
  Installing : 4:perl-macros-5.16.3-292.el7.x86_64                        15/44
  Installing : 4:perl-libs-5.16.3-292.el7.x86_64                          16/44
  Installing : perl-Storable-2.45-3.el7.x86_64                            17/44
  Installing : perl-Exporter-5.68-3.el7.noarch                            18/44
  Installing : perl-constant-1.27-2.el7.noarch                            19/44
  Installing : perl-Time-Local-1.2300-2.el7.noarch                        20/44
  Installing : perl-Socket-2.010-4.el7.x86_64                             21/44
  Installing : perl-Carp-1.26-244.el7.noarch                              22/44
  Installing : perl-PathTools-3.40-5.el7.x86_64                           23/44
  Installing : perl-Scalar-List-Utils-1.27-248.el7.x86_64                 24/44
  Installing : perl-File-Temp-0.23.01-3.el7.noarch                        25/44
  Installing : perl-File-Path-2.09-2.el7.noarch                           26/44
  Installing : perl-threads-shared-1.43-6.el7.x86_64                      27/44
  Installing : perl-threads-1.87-4.el7.x86_64                             28/44
  Installing : 4:perl-Time-HiRes-1.9725-3.el7.x86_64                      29/44
  Installing : perl-Filter-1.49-3.el7.x86_64                              30/44
  Installing : 1:perl-Pod-Simple-3.28-4.el7.noarch                        31/44
  Installing : perl-Getopt-Long-2.40-3.el7.noarch                         32/44
  Installing : 4:perl-5.16.3-292.el7.x86_64                               33/44
  Updating   : libgomp-4.8.5-28.el7_5.1.x86_64                            34/44
  Updating   : binutils-2.27-27.base.el7.x86_64                           35/44
  Installing : kernel-headers-3.10.0-862.2.3.el7.x86_64                   36/44
  Installing : glibc-headers-2.17-222.el7.x86_64                          37/44
  Installing : glibc-devel-2.17-222.el7.x86_64                            38/44
  Installing : gcc-4.8.5-28.el7_5.1.x86_64                                39/44
  Cleanup    : binutils-2.25.1-32.base.el7_4.2.x86_64                     40/44
  Cleanup    : libgomp-4.8.5-16.el7_4.2.x86_64                            41/44
  Cleanup    : glibc-common-2.17-196.el7_4.2.x86_64                       42/44
  Cleanup    : glibc-2.17-196.el7_4.2.x86_64                              43/44
  Cleanup    : libgcc-4.8.5-16.el7_4.2.x86_64                             44/44
  Verifying  : perl-HTTP-Tiny-0.033-3.el7.noarch                           1/44
  Verifying  : perl-threads-shared-1.43-6.el7.x86_64                       2/44
  Verifying  : perl-Storable-2.45-3.el7.x86_64                             3/44
  Verifying  : mpfr-3.1.1-4.el7.x86_64                                     4/44
  Verifying  : perl-Exporter-5.68-3.el7.noarch                             5/44
  Verifying  : perl-constant-1.27-2.el7.noarch                             6/44
  Verifying  : perl-PathTools-3.40-5.el7.x86_64                            7/44
  Verifying  : glibc-headers-2.17-222.el7.x86_64                           8/44
  Verifying  : 4:perl-macros-5.16.3-292.el7.x86_64                         9/44
  Verifying  : kernel-headers-3.10.0-862.2.3.el7.x86_64                   10/44
  Verifying  : libgomp-4.8.5-28.el7_5.1.x86_64                            11/44
  Verifying  : 1:perl-parent-0.225-244.el7.noarch                         12/44
  Verifying  : binutils-2.27-27.base.el7.x86_64                           13/44
  Verifying  : 4:perl-5.16.3-292.el7.x86_64                               14/44
  Verifying  : gcc-4.8.5-28.el7_5.1.x86_64                                15/44
  Verifying  : perl-File-Temp-0.23.01-3.el7.noarch                        16/44
  Verifying  : 1:perl-Pod-Simple-3.28-4.el7.noarch                        17/44
  Verifying  : perl-Time-Local-1.2300-2.el7.noarch                        18/44
  Verifying  : 4:perl-libs-5.16.3-292.el7.x86_64                          19/44
  Verifying  : glibc-2.17-222.el7.x86_64                                  20/44
  Verifying  : perl-Socket-2.010-4.el7.x86_64                             21/44
  Verifying  : perl-Carp-1.26-244.el7.noarch                              22/44
  Verifying  : libgcc-4.8.5-28.el7_5.1.x86_64                             23/44
  Verifying  : glibc-devel-2.17-222.el7.x86_64                            24/44
  Verifying  : cpp-4.8.5-28.el7_5.1.x86_64                                25/44
  Verifying  : perl-Scalar-List-Utils-1.27-248.el7.x86_64                 26/44
  Verifying  : libmpc-1.0.1-3.el7.x86_64                                  27/44
  Verifying  : glibc-common-2.17-222.el7.x86_64                           28/44
  Verifying  : perl-Pod-Usage-1.63-3.el7.noarch                           29/44
  Verifying  : perl-Encode-2.51-7.el7.x86_64                              30/44
  Verifying  : perl-Pod-Perldoc-3.20-4.el7.noarch                         31/44
  Verifying  : perl-podlators-2.5.1-3.el7.noarch                          32/44
  Verifying  : perl-File-Path-2.09-2.el7.noarch                           33/44
  Verifying  : perl-threads-1.87-4.el7.x86_64                             34/44
  Verifying  : 4:perl-Time-HiRes-1.9725-3.el7.x86_64                      35/44
  Verifying  : perl-Filter-1.49-3.el7.x86_64                              36/44
  Verifying  : perl-Getopt-Long-2.40-3.el7.noarch                         37/44
  Verifying  : perl-Text-ParseWords-3.29-4.el7.noarch                     38/44
  Verifying  : 1:perl-Pod-Escapes-1.04-292.el7.noarch                     39/44
  Verifying  : libgomp-4.8.5-16.el7_4.2.x86_64                            40/44
  Verifying  : libgcc-4.8.5-16.el7_4.2.x86_64                             41/44
  Verifying  : binutils-2.25.1-32.base.el7_4.2.x86_64                     42/44
  Verifying  : glibc-2.17-196.el7_4.2.x86_64                              43/44
  Verifying  : glibc-common-2.17-196.el7_4.2.x86_64                       44/44

Installed:
  gcc.x86_64 0:4.8.5-28.el7_5.1           perl.x86_64 4:5.16.3-292.el7

Dependency Installed:
  cpp.x86_64 0:4.8.5-28.el7_5.1
  glibc-devel.x86_64 0:2.17-222.el7
  glibc-headers.x86_64 0:2.17-222.el7
  kernel-headers.x86_64 0:3.10.0-862.2.3.el7
  libmpc.x86_64 0:1.0.1-3.el7
  mpfr.x86_64 0:3.1.1-4.el7
  perl-Carp.noarch 0:1.26-244.el7
  perl-Encode.x86_64 0:2.51-7.el7
  perl-Exporter.noarch 0:5.68-3.el7
  perl-File-Path.noarch 0:2.09-2.el7
  perl-File-Temp.noarch 0:0.23.01-3.el7
  perl-Filter.x86_64 0:1.49-3.el7
  perl-Getopt-Long.noarch 0:2.40-3.el7
  perl-HTTP-Tiny.noarch 0:0.033-3.el7
  perl-PathTools.x86_64 0:3.40-5.el7
  perl-Pod-Escapes.noarch 1:1.04-292.el7
  perl-Pod-Perldoc.noarch 0:3.20-4.el7
  perl-Pod-Simple.noarch 1:3.28-4.el7
  perl-Pod-Usage.noarch 0:1.63-3.el7
  perl-Scalar-List-Utils.x86_64 0:1.27-248.el7
  perl-Socket.x86_64 0:2.010-4.el7
  perl-Storable.x86_64 0:2.45-3.el7
  perl-Text-ParseWords.noarch 0:3.29-4.el7
  perl-Time-HiRes.x86_64 4:1.9725-3.el7
  perl-Time-Local.noarch 0:1.2300-2.el7
  perl-constant.noarch 0:1.27-2.el7
  perl-libs.x86_64 4:5.16.3-292.el7
  perl-macros.x86_64 4:5.16.3-292.el7
  perl-parent.noarch 1:0.225-244.el7
  perl-podlators.noarch 0:2.5.1-3.el7
  perl-threads.x86_64 0:1.87-4.el7
  perl-threads-shared.x86_64 0:1.43-6.el7

Updated:
  binutils.x86_64 0:2.27-27.base.el7

Dependency Updated:
  glibc.x86_64 0:2.17-222.el7           glibc-common.x86_64 0:2.17-222.el7
  libgcc.x86_64 0:4.8.5-28.el7_5.1      libgomp.x86_64 0:4.8.5-28.el7_5.1

Complete!
Copy iso file C:\Program Files\Oracle\VirtualBox\VBoxGuestAdditions.iso into the box /tmp/VBoxGuestAdditions.iso
Mounting Virtualbox Guest Additions ISO to: /mnt
mount: /dev/loop0 is write-protected, mounting read-only
Installing Virtualbox Guest Additions 5.2.12 - guest version is unknown
Verifying archive integrity... All good.
Uncompressing VirtualBox 5.2.12 Guest Additions for Linux........
VirtualBox Guest Additions installer
Copying additional installer modules ...
Installing additional modules ...
VirtualBox Guest Additions: Building the VirtualBox Guest Additions kernel modules.
This system is currently not set up to build kernel modules.
Please install the Linux kernel "header" files matching the current kernel
for adding new hardware support to the system.
The distribution packages containing the headers are probably:
    kernel-devel kernel-devel-3.10.0-693.21.1.el7.x86_64
VirtualBox Guest Additions: Starting.
VirtualBox Guest Additions: Building the VirtualBox Guest Additions kernel modules.
This system is currently not set up to build kernel modules.
Please install the Linux kernel "header" files matching the current kernel
for adding new hardware support to the system.
The distribution packages containing the headers are probably:
    kernel-devel kernel-devel-3.10.0-693.21.1.el7.x86_64
An error occurred during installation of VirtualBox Guest Additions 5.2.12. Some functionality may not work as intended.
In most cases it is OK that the "Window System drivers" installation failed.
Redirecting to /bin/systemctl start vboxadd.service
Job for vboxadd.service failed because the control process exited with error code. See "systemctl status vboxadd.service" and "journalctl -xe" for details.
Unmounting Virtualbox Guest Additions ISO from: /mnt
==> ansible-server: Checking for guest additions in VM...
    ansible-server: No guest additions were detected on the base box for this VM! Guest
    ansible-server: additions are required for forwarded ports, shared folders, host only
    ansible-server: networking, and more. If SSH fails on this machine, please install
    ansible-server: the guest additions and repackage the box to continue.
    ansible-server:
    ansible-server: This is not an error message; everything may continue to work properly,
    ansible-server: in which case you may ignore this message.
==> ansible-server: Setting hostname...
==> ansible-server: Configuring and enabling network interfaces...
    ansible-server: SSH address: 127.0.0.1:60010
    ansible-server: SSH username: vagrant
    ansible-server: SSH auth method: private key
==> ansible-server: Running provisioner: shell...
    ansible-server: Running: inline script
    ansible-server: Loaded plugins: fastestmirror
    ansible-server: Loading mirror speeds from cached hostfile
    ansible-server:  * base: ftp.kaist.ac.kr
    ansible-server:  * extras: ftp.kaist.ac.kr
    ansible-server:  * updates: ftp.kaist.ac.kr
    ansible-server: Resolving Dependencies
    ansible-server: --> Running transaction check
    ansible-server: ---> Package epel-release.noarch 0:7-11 will be installed
    ansible-server: --> Finished Dependency Resolution
    ansible-server:
    ansible-server: Dependencies Resolved
    ansible-server:
    ansible-server: ================================================================================
    ansible-server:  Package                Arch             Version         Repository        Size
    ansible-server: ================================================================================
    ansible-server: Installing:
    ansible-server:  epel-release           noarch           7-11            extras            15 k
    ansible-server:
    ansible-server: Transaction Summary
    ansible-server: ================================================================================
    ansible-server: Install  1 Package
    ansible-server:
    ansible-server: Total download size: 15 k
    ansible-server: Installed size: 24 k
    ansible-server: Downloading packages:
    ansible-server: Running transaction check
    ansible-server: Running transaction test
    ansible-server: Transaction test succeeded
    ansible-server: Running transaction
    ansible-server:   Installing : epel-release-7-11.noarch                                     1/1
    ansible-server:
    ansible-server:   Verifying  : epel-release-7-11.noarch                                     1/1
    ansible-server:
    ansible-server:
    ansible-server: Installed:
    ansible-server:   epel-release.noarch 0:7-11
    ansible-server:
    ansible-server: Complete!
==> ansible-server: Running provisioner: shell...
    ansible-server: Running: inline script
    ansible-server: Loaded plugins: fastestmirror
    ansible-server: Loading mirror speeds from cached hostfile
    ansible-server:  * base: ftp.kaist.ac.kr
    ansible-server:  * epel: mirror.premi.st
    ansible-server:  * extras: ftp.kaist.ac.kr
    ansible-server:  * updates: ftp.kaist.ac.kr
    ansible-server: Resolving Dependencies
    ansible-server: --> Running transaction check
    ansible-server: ---> Package ansible.noarch 0:2.5.2-1.el7 will be installed
    ansible-server: --> Processing Dependency: PyYAML for package: ansible-2.5.2-1.el7.noarch
    ansible-server: --> Processing Dependency: python-crypto for package: ansible-2.5.2-1.el7.noarch
    ansible-server: --> Processing Dependency: python-httplib2 for package: ansible-2.5.2-1.el7.noarch
    ansible-server: --> Processing Dependency: python-jinja2 for package: ansible-2.5.2-1.el7.noarch
    ansible-server: --> Processing Dependency: python-keyczar for package: ansible-2.5.2-1.el7.noarch
    ansible-server: --> Processing Dependency: python-paramiko for package: ansible-2.5.2-1.el7.noarch
    ansible-server: --> Processing Dependency: python-setuptools for package: ansible-2.5.2-1.el7.noarch
    ansible-server: --> Processing Dependency: python-six for package: ansible-2.5.2-1.el7.noarch
    ansible-server: --> Processing Dependency: python2-jmespath for package: ansible-2.5.2-1.el7.noarch
    ansible-server: --> Processing Dependency: sshpass for package: ansible-2.5.2-1.el7.noarch
    ansible-server: --> Running transaction check
    ansible-server: ---> Package PyYAML.x86_64 0:3.10-11.el7 will be installed
    ansible-server: --> Processing Dependency: libyaml-0.so.2()(64bit) for package: PyYAML-3.10-11.el7.x86_64
    ansible-server: ---> Package python-httplib2.noarch 0:0.9.2-1.el7 will be installed
    ansible-server: ---> Package python-jinja2.noarch 0:2.7.2-2.el7 will be installed
    ansible-server: --> Processing Dependency: python-babel >= 0.8 for package: python-jinja2-2.7.2-2.el7.noarch
    ansible-server: --> Processing Dependency: python-markupsafe for package: python-jinja2-2.7.2-2.el7.noarch
    ansible-server: ---> Package python-keyczar.noarch 0:0.71c-2.el7 will be installed
    ansible-server: --> Processing Dependency: python-pyasn1 for package: python-keyczar-0.71c-2.el7.noarch
    ansible-server: ---> Package python-paramiko.noarch 0:2.1.1-4.el7 will be installed
    ansible-server: --> Processing Dependency: python-cryptography for package: python-paramiko-2.1.1-4.el7.noarch
    ansible-server: ---> Package python-setuptools.noarch 0:0.9.8-7.el7 will be installed
    ansible-server: --> Processing Dependency: python-backports-ssl_match_hostname for package: python-setuptools-0.9.8-7.el7.noarch
    ansible-server: ---> Package python-six.noarch 0:1.9.0-2.el7 will be installed
    ansible-server: ---> Package python2-crypto.x86_64 0:2.6.1-15.el7 will be installed
    ansible-server: --> Processing Dependency: libtomcrypt.so.0()(64bit) for package: python2-crypto-2.6.1-15.el7.x86_64
    ansible-server: ---> Package python2-jmespath.noarch 0:0.9.0-3.el7 will be installed
    ansible-server: ---> Package sshpass.x86_64 0:1.06-2.el7 will be installed
    ansible-server: --> Running transaction check
    ansible-server: ---> Package libtomcrypt.x86_64 0:1.17-26.el7 will be installed
    ansible-server: --> Processing Dependency: libtommath >= 0.42.0 for package: libtomcrypt-1.17-26.el7.x86_64
    ansible-server: --> Processing Dependency: libtommath.so.0()(64bit) for package: libtomcrypt-1.17-26.el7.x86_64
    ansible-server: ---> Package libyaml.x86_64 0:0.1.4-11.el7_0 will be installed
    ansible-server: ---> Package python-babel.noarch 0:0.9.6-8.el7 will be installed
    ansible-server: ---> Package python-backports-ssl_match_hostname.noarch 0:3.5.0.1-1.el7 will be installed
    ansible-server: --> Processing Dependency: python-ipaddress for package: python-backports-ssl_match_hostname-3.5.0.1-1.el7.noarch
    ansible-server: --> Processing Dependency: python-backports for package: python-backports-ssl_match_hostname-3.5.0.1-1.el7.noarch
    ansible-server: ---> Package python-markupsafe.x86_64 0:0.11-10.el7 will be installed
    ansible-server: ---> Package python2-cryptography.x86_64 0:1.7.2-2.el7 will be installed
    ansible-server: --> Processing Dependency: python-idna >= 2.0 for package: python2-cryptography-1.7.2-2.el7.x86_64
    ansible-server: --> Processing Dependency: python-cffi >= 1.4.1 for package: python2-cryptography-1.7.2-2.el7.x86_64
    ansible-server: --> Processing Dependency: python-enum34 for package: python2-cryptography-1.7.2-2.el7.x86_64
    ansible-server: ---> Package python2-pyasn1.noarch 0:0.1.9-7.el7 will be installed
    ansible-server: --> Running transaction check
    ansible-server: ---> Package libtommath.x86_64 0:0.42.0-6.el7 will be installed
    ansible-server: ---> Package python-backports.x86_64 0:1.0-8.el7 will be installed
    ansible-server: ---> Package python-cffi.x86_64 0:1.6.0-5.el7 will be installed
    ansible-server: --> Processing Dependency: python-pycparser for package: python-cffi-1.6.0-5.el7.x86_64
    ansible-server: ---> Package python-enum34.noarch 0:1.0.4-1.el7 will be installed
    ansible-server: ---> Package python-idna.noarch 0:2.4-1.el7 will be installed
    ansible-server: ---> Package python-ipaddress.noarch 0:1.0.16-2.el7 will be installed
    ansible-server: --> Running transaction check
    ansible-server: ---> Package python-pycparser.noarch 0:2.14-1.el7 will be installed
    ansible-server: --> Processing Dependency: python-ply for package: python-pycparser-2.14-1.el7.noarch
    ansible-server: --> Running transaction check
    ansible-server: ---> Package python-ply.noarch 0:3.4-11.el7 will be installed
    ansible-server: --> Finished Dependency Resolution
    ansible-server:
    ansible-server: Dependencies Resolved
    ansible-server:
    ansible-server: ================================================================================
    ansible-server:  Package                               Arch     Version          Repository
    ansible-server:                                                                            Size
    ansible-server: ================================================================================
    ansible-server: Installing:
    ansible-server:  ansible                               noarch   2.5.2-1.el7      epel     9.0 M
    ansible-server: Installing for dependencies:
    ansible-server:  PyYAML                                x86_64   3.10-11.el7      base     153 k
    ansible-server:  libtomcrypt                           x86_64   1.17-26.el7      extras   224 k
    ansible-server:  libtommath                            x86_64   0.42.0-6.el7     extras    36 k
    ansible-server:  libyaml                               x86_64   0.1.4-11.el7_0   base      55 k
    ansible-server:  python-babel                          noarch   0.9.6-8.el7      base     1.4 M
    ansible-server:  python-backports                      x86_64   1.0-8.el7        base     5.8 k
    ansible-server:  python-backports-ssl_match_hostname   noarch   3.5.0.1-1.el7    base      13 k
    ansible-server:  python-cffi                           x86_64   1.6.0-5.el7      base     218 k
    ansible-server:  python-enum34                         noarch   1.0.4-1.el7      base      52 k
    ansible-server:  python-httplib2                       noarch   0.9.2-1.el7      extras   115 k
    ansible-server:  python-idna                           noarch   2.4-1.el7        base      94 k
    ansible-server:  python-ipaddress                      noarch   1.0.16-2.el7     base      34 k
    ansible-server:  python-jinja2                         noarch   2.7.2-2.el7      base     515 k
    ansible-server:  python-keyczar                        noarch   0.71c-2.el7      epel     218 k
    ansible-server:  python-markupsafe                     x86_64   0.11-10.el7      base      25 k
    ansible-server:  python-paramiko                       noarch   2.1.1-4.el7      extras   268 k
    ansible-server:  python-ply                            noarch   3.4-11.el7       base     123 k
    ansible-server:  python-pycparser                      noarch   2.14-1.el7       base     104 k
    ansible-server:  python-setuptools                     noarch   0.9.8-7.el7      base     397 k
    ansible-server:  python-six                            noarch   1.9.0-2.el7      base      29 k
    ansible-server:  python2-crypto                        x86_64   2.6.1-15.el7     extras   477 k
    ansible-server:  python2-cryptography                  x86_64   1.7.2-2.el7      base     502 k
    ansible-server:  python2-jmespath                      noarch   0.9.0-3.el7      extras    39 k
    ansible-server:  python2-pyasn1                        noarch   0.1.9-7.el7      base     100 k
    ansible-server:  sshpass                               x86_64   1.06-2.el7       extras    21 k
    ansible-server:
    ansible-server: Transaction Summary
    ansible-server: ================================================================================
    ansible-server: Install  1 Package (+25 Dependent packages)
    ansible-server:
    ansible-server: Total download size: 14 M
    ansible-server: Installed size: 68 M
    ansible-server: Downloading packages:
    ansible-server: Public key for python-keyczar-0.71c-2.el7.noarch.rpm is not installed
    ansible-server: warning: /var/cache/yum/x86_64/7/epel/packages/python-keyczar-0.71c-2.el7.noarch.rpm: Header V3 RSA/SHA256 Signature, key ID 352c64e5: NOKEY
    ansible-server: --------------------------------------------------------------------------------
    ansible-server: Total                                              1.4 MB/s |  14 MB  00:10
    ansible-server: Retrieving key from file:///etc/pki/rpm-gpg/RPM-GPG-KEY-EPEL-7
    ansible-server: Importing GPG key 0x352C64E5:
    ansible-server:  Userid     : "Fedora EPEL (7) <epel@fedoraproject.org>"
    ansible-server:  Fingerprint: 91e9 7d7c 4a5e 96f1 7f3e 888f 6a2f aea2 352c 64e5
    ansible-server:  Package    : epel-release-7-11.noarch (@extras)
    ansible-server:  From       : /etc/pki/rpm-gpg/RPM-GPG-KEY-EPEL-7
    ansible-server: Running transaction check
    ansible-server: Running transaction test
    ansible-server: Transaction test succeeded
    ansible-server: Running transaction
    ansible-server:   Installing : python2-pyasn1-0.1.9-7.el7.noarch                           1/26
    ansible-server:
    ansible-server:   Installing : python-ipaddress-1.0.16-2.el7.noarch                        2/26
    ansible-server:
    ansible-server:   Installing : python-six-1.9.0-2.el7.noarch                               3/26
    ansible-server:
    ansible-server:   Installing : python-httplib2-0.9.2-1.el7.noarch                          4/26
    ansible-server:
    ansible-server:   Installing : python-enum34-1.0.4-1.el7.noarch                            5/26
    ansible-server:
    ansible-server:   Installing : libyaml-0.1.4-11.el7_0.x86_64                               6/26
    ansible-server:
    ansible-server:   Installing : PyYAML-3.10-11.el7.x86_64                                   7/26
    ansible-server:
    ansible-server:   Installing : libtommath-0.42.0-6.el7.x86_64                              8/26
    ansible-server:
    ansible-server:   Installing : libtomcrypt-1.17-26.el7.x86_64                              9/26
    ansible-server:
    ansible-server:   Installing : python2-crypto-2.6.1-15.el7.x86_64                         10/26
    ansible-server:
    ansible-server:   Installing : python-keyczar-0.71c-2.el7.noarch                          11/26
    ansible-server:
    ansible-server:   Installing : python-backports-1.0-8.el7.x86_64                          12/26
    ansible-server:
    ansible-server:   Installing : python-backports-ssl_match_hostname-3.5.0.1-1.el7.noarch   13/26
    ansible-server:
    ansible-server:   Installing : python-setuptools-0.9.8-7.el7.noarch                       14/26
    ansible-server:
    ansible-server:   Installing : python-babel-0.9.6-8.el7.noarch                            15/26
    ansible-server:
    ansible-server:   Installing : python-ply-3.4-11.el7.noarch                               16/26
    ansible-server:
    ansible-server:   Installing : python-pycparser-2.14-1.el7.noarch                         17/26
    ansible-server:
    ansible-server:   Installing : python-cffi-1.6.0-5.el7.x86_64                             18/26
    ansible-server:
    ansible-server:   Installing : python-markupsafe-0.11-10.el7.x86_64                       19/26
    ansible-server:
    ansible-server:   Installing : python-jinja2-2.7.2-2.el7.noarch                           20/26
    ansible-server:
    ansible-server:   Installing : python-idna-2.4-1.el7.noarch                               21/26
    ansible-server:
    ansible-server:   Installing : python2-cryptography-1.7.2-2.el7.x86_64                    22/26
    ansible-server:
    ansible-server:   Installing : python-paramiko-2.1.1-4.el7.noarch                         23/26
    ansible-server:
    ansible-server:   Installing : sshpass-1.06-2.el7.x86_64                                  24/26
    ansible-server:
    ansible-server:   Installing : python2-jmespath-0.9.0-3.el7.noarch                        25/26
    ansible-server:
    ansible-server:   Installing : ansible-2.5.2-1.el7.noarch                                 26/26
    ansible-server:
    ansible-server:   Verifying  : python-keyczar-0.71c-2.el7.noarch                           1/26
    ansible-server:
    ansible-server:   Verifying  : python-jinja2-2.7.2-2.el7.noarch                            2/26
    ansible-server:
    ansible-server:   Verifying  : python-backports-ssl_match_hostname-3.5.0.1-1.el7.noarch    3/26
    ansible-server:
    ansible-server:   Verifying  : python2-jmespath-0.9.0-3.el7.noarch                         4/26
    ansible-server:
    ansible-server:   Verifying  : sshpass-1.06-2.el7.x86_64                                   5/26
    ansible-server:
    ansible-server:   Verifying  : python2-cryptography-1.7.2-2.el7.x86_64                     6/26
    ansible-server:
    ansible-server:   Verifying  : python-setuptools-0.9.8-7.el7.noarch                        7/26
    ansible-server:
    ansible-server:   Verifying  : ansible-2.5.2-1.el7.noarch                                  8/26
    ansible-server:
    ansible-server:   Verifying  : python-six-1.9.0-2.el7.noarch                               9/26
    ansible-server:
    ansible-server:   Verifying  : python-idna-2.4-1.el7.noarch                               10/26
    ansible-server:
    ansible-server:   Verifying  : python-markupsafe-0.11-10.el7.x86_64                       11/26
    ansible-server:
    ansible-server:   Verifying  : python-ply-3.4-11.el7.noarch                               12/26
    ansible-server:
    ansible-server:   Verifying  : python-babel-0.9.6-8.el7.noarch                            13/26
    ansible-server:
    ansible-server:   Verifying  : PyYAML-3.10-11.el7.x86_64                                  14/26
    ansible-server:
    ansible-server:   Verifying  : python-backports-1.0-8.el7.x86_64                          15/26
    ansible-server:
    ansible-server:   Verifying  : python-cffi-1.6.0-5.el7.x86_64                             16/26
    ansible-server:
    ansible-server:   Verifying  : libtommath-0.42.0-6.el7.x86_64                             17/26
    ansible-server:
    ansible-server:   Verifying  : python-pycparser-2.14-1.el7.noarch                         18/26
    ansible-server:
    ansible-server:   Verifying  : libyaml-0.1.4-11.el7_0.x86_64                              19/26
    ansible-server:
    ansible-server:   Verifying  : python2-crypto-2.6.1-15.el7.x86_64                         20/26
    ansible-server:
    ansible-server:   Verifying  : python-ipaddress-1.0.16-2.el7.noarch                       21/26
    ansible-server:
    ansible-server:   Verifying  : python-enum34-1.0.4-1.el7.noarch                           22/26
    ansible-server:
    ansible-server:   Verifying  : python-httplib2-0.9.2-1.el7.noarch                         23/26
    ansible-server:
    ansible-server:   Verifying  : python2-pyasn1-0.1.9-7.el7.noarch                          24/26
    ansible-server:
    ansible-server:   Verifying  : python-paramiko-2.1.1-4.el7.noarch                         25/26
    ansible-server:
    ansible-server:   Verifying  : libtomcrypt-1.17-26.el7.x86_64                             26/26
    ansible-server:
    ansible-server:
    ansible-server: Installed:
    ansible-server:   ansible.noarch 0:2.5.2-1.el7
    ansible-server:
    ansible-server: Dependency Installed:
    ansible-server:   PyYAML.x86_64 0:3.10-11.el7
    ansible-server:   libtomcrypt.x86_64 0:1.17-26.el7
    ansible-server:   libtommath.x86_64 0:0.42.0-6.el7
    ansible-server:   libyaml.x86_64 0:0.1.4-11.el7_0
    ansible-server:   python-babel.noarch 0:0.9.6-8.el7
    ansible-server:   python-backports.x86_64 0:1.0-8.el7
    ansible-server:   python-backports-ssl_match_hostname.noarch 0:3.5.0.1-1.el7
    ansible-server:   python-cffi.x86_64 0:1.6.0-5.el7
    ansible-server:   python-enum34.noarch 0:1.0.4-1.el7
    ansible-server:   python-httplib2.noarch 0:0.9.2-1.el7
    ansible-server:   python-idna.noarch 0:2.4-1.el7
    ansible-server:   python-ipaddress.noarch 0:1.0.16-2.el7
    ansible-server:   python-jinja2.noarch 0:2.7.2-2.el7
    ansible-server:   python-keyczar.noarch 0:0.71c-2.el7
    ansible-server:   python-markupsafe.x86_64 0:0.11-10.el7
    ansible-server:   python-paramiko.noarch 0:2.1.1-4.el7
    ansible-server:   python-ply.noarch 0:3.4-11.el7
    ansible-server:   python-pycparser.noarch 0:2.14-1.el7
    ansible-server:   python-setuptools.noarch 0:0.9.8-7.el7
    ansible-server:   python-six.noarch 0:1.9.0-2.el7
    ansible-server:   python2-crypto.x86_64 0:2.6.1-15.el7
    ansible-server:   python2-cryptography.x86_64 0:1.7.2-2.el7
    ansible-server:   python2-jmespath.noarch 0:0.9.0-3.el7
    ansible-server:   python2-pyasn1.noarch 0:0.1.9-7.el7
    ansible-server:   sshpass.x86_64 0:1.06-2.el7
    ansible-server:
    ansible-server: Complete!
==> ansible-server: Running provisioner: file...
==> ansible-server: Running provisioner: shell...
    ansible-server: Running: inline script
    ansible-server:  [WARNING]: provided hosts list is empty, only localhost is available. Note
    ansible-server: that the implicit localhost does not match 'all'
    ansible-server:
    ansible-server: PLAY [Setup for the Ansible's Environment] **************************************
    ansible-server:
    ansible-server: TASK [Add "/etc/ansible/hosts"] ************************************************
    ansible-server: changed: [localhost]
    ansible-server:
    ansible-server: TASK [Generate sshkey] *********************************************************
    ansible-server: changed: [localhost] => (item=ssh-keyscan 192.168.1.51 >> ~/.ssh/known_hosts)
    ansible-server: changed: [localhost] => (item=ssh-keyscan 192.168.1.52 >> ~/.ssh/known_hosts)
    ansible-server:
    ansible-server: TASK [Create vim env's directories & files] ************************************
    ansible-server: changed: [localhost] => (item=mkdir -p /home/vagrant/.vim/autoload /home/vagrant/.vim/bundle)
    ansible-server: changed: [localhost] => (item=touch /home/vagrant/.vimrc)
    ansible-server: changed: [localhost] => (item=touch /home/vagrant/.bashrc)
    ansible-server:
    ansible-server: TASK [Install vim-enhanced] ****************************************************
    ansible-server:  [WARNING]: Consider using the file module with state=directory rather than
    ansible-server: running mkdir.  If you need to use command because file is insufficient you can
    ansible-server: add warn=False to this command task or set command_warnings=False in
    ansible-server: ansible.cfg to get rid of this message.
    ansible-server:  [WARNING]: Consider using the file module with state=touch rather than running
    ansible-server: touch.  If you need to use command because file is insufficient you can add
    ansible-server: warn=False to this command task or set command_warnings=False in ansible.cfg to
    ansible-server: get rid of this message.
    ansible-server: changed: [localhost]
    ansible-server:
    ansible-server: TASK [Install git] *************************************************************
    ansible-server: changed: [localhost]
    ansible-server:
    ansible-server: TASK [Download pathogen.vim] ***************************************************
    ansible-server: changed: [localhost]
    ansible-server:  [WARNING]: Consider using the get_url or uri module rather than running curl.
    ansible-server: If you need to use command because get_url or uri is insufficient you can add
    ansible-server: warn=False to this command task or set command_warnings=False in ansible.cfg to
    ansible-server: get rid of this message.
    ansible-server:
    ansible-server: TASK [Git clone vim-ansible-yaml] **********************************************
    ansible-server: changed: [localhost]
    ansible-server:
    ansible-server: TASK [Configure vimrc] *********************************************************
    ansible-server: changed: [localhost] => (item=set number)
    ansible-server: changed: [localhost] => (item=execute pathogen#infect())
    ansible-server: changed: [localhost] => (item=syntax on)
    ansible-server:
    ansible-server: TASK [Configure Bashrc] ********************************************************
    ansible-server: changed: [localhost] => (item=alias ans='ansible')
    ansible-server: changed: [localhost] => (item=alias anp='ansible-playbook')
    ansible-server:
    ansible-server: PLAY RECAP *********************************************************************
    ansible-server: localhost                  : ok=9    changed=9    unreachable=0    failed=0

c:\HashiCorp>